#
# A fatal error has been detected by the Java Runtime Environment:
#
#  EXCEPTION_ACCESS_VIOLATION (0xc0000005) at pc=0x0000014132130f0f, pid=19312, tid=16424
#
# JRE version: OpenJDK Runtime Environment (22.0.1+8) (build 22.0.1+8-16)
# Java VM: OpenJDK 64-Bit Server VM (22.0.1+8-16, mixed mode, emulated-client, sharing, tiered, compressed oops, compressed class ptrs, g1 gc, windows-amd64)
# Problematic frame:
# v  ~BufferBlob::MethodHandles adapters 0x0000014132130f0f
#
# No core dump will be written. Minidumps are not enabled by default on client versions of Windows
#
# If you would like to submit a bug report, please visit:
#   https://bugreport.java.com/bugreport/crash.jsp
#

---------------  S U M M A R Y ------------

Command Line: -agentlib:jdwp=transport=dt_socket,address=127.0.0.1:63502,suspend=y,server=n -XX:TieredStopAtLevel=1 -Dspring.output.ansi.enabled=always -Dcom.sun.management.jmxremote -Dspring.jmx.enabled=true -Dspring.liveBeansView.mbeanDomain -Dspring.application.admin.enabled=true -Dmanagement.endpoints.jmx.exposure.include=* -javaagent:C:\Users\Admin\AppData\Local\JetBrains\IntelliJIdea2024.2\captureAgent\debugger-agent.jar -Dkotlinx.coroutines.debug.enable.creation.stack.trace=false -Ddebugger.agent.enable.coroutines=true -Dfile.encoding=UTF-8 -Dsun.stdout.encoding=UTF-8 -Dsun.stderr.encoding=UTF-8 com.dreamchasers.recoverbe.RecoverBeApplication

Host: AMD Ryzen 7 4800H with Radeon Graphics         , 16 cores, 15G,  Windows 11 , 64 bit Build 22621 (10.0.22621.4391)
Time: Sun Dec 15 23:03:15 2024 SE Asia Standard Time elapsed time: 49.161451 seconds (0d 0h 0m 49s)

---------------  T H R E A D  ---------------

Current thread (0x00000141074d1450):  JavaThread "http-nio-8080-exec-1" daemon [_thread_in_Java, id=16424, stack(0x0000000b0ae00000,0x0000000b0af00000) (1024K)]

Stack: [0x0000000b0ae00000,0x0000000b0af00000],  sp=0x0000000b0aef9f48,  free space=999k
Native frames: (J=compiled Java code, j=interpreted, Vv=VM code, C=native code)
C  0x0000014132130f0f  (no source info available)

The last pc belongs to _linkToVirtual (printed below).

siginfo: EXCEPTION_ACCESS_VIOLATION (0xc0000005), reading address 0xffffffffffffffff


Registers:
RAX=0x0000014132109613, RBX=0x000000070b123d90, RCX=0xfffffffffffffff7, RDX=0x0000000000000002
RSP=0x0000000b0aef9f48, RBP=0x0000000b0aef9f98, RSI=0x00000141079ca498, RDI=0x00000141079afb40
R8 =0x0000000000000004, R9 =0x0000000000000004, R10=0x00007ffc3683b900, R11=0x000001413e097058
R12=0x0000000000000000, R13=0x0000000b0aef9f48, R14=0x0000000b0aef9fb8, R15=0x00000141074d1450
RIP=0x0000014132130f0f, EFLAGS=0x0000000000010246


Register to memory mapping:

RAX=0x0000014132109613 is at code_begin+4499 in an Interpreter codelet
return entry points  [0x0000014132108480, 0x000001413210a388]  7944 bytes
RBX=0x000000070b123d90 is an oop: com.dreamchasers.recoverbe.service.UserService 
{0x000000070b123d90} - klass: 'com/dreamchasers/recoverbe/service/UserService'
 - ---- fields (total size 10 words):
 - private final 'userRepository' 'Lcom/dreamchasers/recoverbe/repository/UserRepository;' @12  a 'jdk/proxy4/$Proxy145'{0x000000070ab81c78} (0xe157038f)
 - private final 'courseRepository' 'Lcom/dreamchasers/recoverbe/repository/CourseRepository;' @16  a 'jdk/proxy4/$Proxy150'{0x000000070ac65350} (0xe158ca6a)
 - private final 'passwordEncoder' 'Lorg/springframework/security/crypto/password/PasswordEncoder;' @20  a 'org/springframework/security/crypto/bcrypt/BCryptPasswordEncoder'{0x000000070ab54bd0} (0xe156a97a)
 - private final 'progressRepository' 'Lcom/dreamchasers/recoverbe/repository/ProgressRepository;' @24  a 'jdk/proxy4/$Proxy152'{0x000000070acedbf8} (0xe159db7f)
 - private final 'ratingRepository' 'Lcom/dreamchasers/recoverbe/repository/RatingRepository;' @28  a 'jdk/proxy4/$Proxy153'{0x000000070ad2a380} (0xe15a5470)
 - private final 'commentRepository' 'Lcom/dreamchasers/recoverbe/repository/CommentRepository;' @32  a 'jdk/proxy4/$Proxy154'{0x000000070ac57508} (0xe158aea1)
 - private final 'lessonRepository' 'Lcom/dreamchasers/recoverbe/repository/LessonRepository;' @36  a 'jdk/proxy4/$Proxy155'{0x000000070ad6fa60} (0xe15adf4c)
 - private final 'notificationRepository' 'Lcom/dreamchasers/recoverbe/repository/NotificationRepository;' @40  a 'jdk/proxy4/$Proxy156'{0x000000070adad780} (0xe15b5af0)
 - private final 'jwtService' 'Lcom/dreamchasers/recoverbe/jwt/JwtService;' @44  a 'com/dreamchasers/recoverbe/jwt/JwtService'{0x00000007ffd13e18} (0xfffa27c3)
 - private final 'cloudinaryService' 'Lcom/dreamchasers/recoverbe/service/CloudinaryService;' @48  a 'com/dreamchasers/recoverbe/service/CloudinaryService$$SpringCGLIB$$0'{0x000000070adfbf98} (0xe15bf7f3)
 - private final 'enrollService' 'Lcom/dreamchasers/recoverbe/service/EnrollService;' @52  a 'com/dreamchasers/recoverbe/service/EnrollService'{0x000000070adfc5b8} (0xe15bf8b7)
 - private final 'convertService' 'Lcom/dreamchasers/recoverbe/helper/converters/ConvertService;' @56  a 'com/dreamchasers/recoverbe/helper/converters/ConvertService'{0x000000070ad7f190} (0xe15afe32)
 - private final 'courseService' 'Lcom/dreamchasers/recoverbe/service/CourseService;' @60  a 'com/dreamchasers/recoverbe/service/CourseService'{0x000000070b123de0} (0xe16247bc)
 - private final 'ratingService' 'Lcom/dreamchasers/recoverbe/service/RatingService;' @64  a 'com/dreamchasers/recoverbe/service/RatingService'{0x000000070b123eb0} (0xe16247d6)
 - private final 'postRepository' 'Lcom/dreamchasers/recoverbe/repository/PostRepository;' @68  a 'jdk/proxy4/$Proxy160'{0x000000070b123ec0} (0xe16247d8)
 - private final 'mailService' 'Lcom/dreamchasers/recoverbe/service/MailService;' @72  a 'com/dreamchasers/recoverbe/service/MailService$$SpringCGLIB$$0'{0x000000070ad47bf8} (0xe15a8f7f)
 - private final 'queryFactory' 'Lcom/querydsl/jpa/impl/JPAQueryFactory;' @76  a 'com/querydsl/jpa/impl/JPAQueryFactory'{0x000000070b123e88} (0xe16247d1)
RCX=0xfffffffffffffff7 is an unknown value
RDX=0x0000000000000002 is an unknown value
RSP=0x0000000b0aef9f48 is pointing into the stack for thread: 0x00000141074d1450
RBP=0x0000000b0aef9f98 is pointing into the stack for thread: 0x00000141074d1450
RSI=0x00000141079ca498 points into unknown readable memory: 0x8800114f5fe0dbfa | fa db e0 5f 4f 11 00 88
RDI=0x00000141079afb40 points into unknown readable memory: 0x0000001800000060 | 60 00 00 00 18 00 00 00
R8 =0x0000000000000004 is an unknown value
R9 =0x0000000000000004 is an unknown value
R10=0x00007ffc3683b900 jvm.dll
R11={method} {0x000001413e097060} 'invokeVirtual' '(Ljava/lang/Object;Ljava/lang/Object;)Ljava/lang/Object;' in 'java/lang/invoke/DirectMethodHandle$Holder'
R12=0x0 is null
R13=0x0000000b0aef9f48 is pointing into the stack for thread: 0x00000141074d1450
R14=0x0000000b0aef9fb8 is pointing into the stack for thread: 0x00000141074d1450
R15=0x00000141074d1450 is a thread

Top of Stack: (sp=0x0000000b0aef9f48)
0x0000000b0aef9f48:   0000014132109613 fffffffffffffff7
0x0000000b0aef9f58:   000001413e6ec1fa 0000000000000004
0x0000000b0aef9f68:   000001413e094920 0000000b0aef99a0
0x0000000b0aef9f78:   0000000709589430 000001413e097058
0x0000000b0aef9f88:   fffffffffffffff6 0000000b0aef9fc0
0x0000000b0aef9f98:   0000000b0aefa2b8 0000014132956a90
0x0000000b0aef9fa8:   000000070cd6fbe8 000000070b123d90
0x0000000b0aef9fb8:   000000070cd6fb80 0000000b0aefa558
0x0000000b0aef9fc8:   000001413279d97c 0000000709ab6268
0x0000000b0aef9fd8:   000000070cd6fb58 000000070b123d90
0x0000000b0aef9fe8:   000000070cd6fc58 000000070cd6fb80
0x0000000b0aef9ff8:   000000070b123d90 00000141329569cc
0x0000000b0aefa008:   0000000709f30648 0000000b0aefa2b8
0x0000000b0aefa018:   0000014132c33742 000001417f572fc0
0x0000000b0aefa028:   000000070f04fdf0 000001410000000c
0x0000000b0aefa038:   000001413213304f 0000000b0aefa2b8
0x0000000b0aefa048:   00000141325285c4 00000000000009c8
0x0000000b0aefa058:   0000000000000001 0000000b0aef8ee0
0x0000000b0aefa068:   0000000000000000 00007ffc3680309c
0x0000000b0aefa078:   0000000000000c00 0000000000000000
0x0000000b0aefa088:   0000000000000000 0000000000000000
0x0000000b0aefa098:   0000000000000000 0000000000000000
0x0000000b0aefa0a8:   0000000000000000 0000000000000000
0x0000000b0aefa0b8:   0000000000000000 0000000000000000
0x0000000b0aefa0c8:   000000070b0a5878 000000070cd6fb38
0x0000000b0aefa0d8:   000000070f050808 000000070b123d90
0x0000000b0aefa0e8:   0000002800000001 000000070cc5da10
0x0000000b0aefa0f8:   000000070cc5da10 0000000000000022
0x0000000b0aefa108:   0000000000000000 0000000b0aefa200
0x0000000b0aefa118:   0000000000000000 0000000b0aefa2b8
0x0000000b0aefa128:   000001413252765c 000000070cd6fb58
0x0000000b0aefa138:   00000141323d7689 0000014108256b80 

Instructions: (pc=0x0000014132130f0f)
0x0000014132130e0f:   00 a0 23 59 36 fc 7f 00 00 80 0e 13 32 41 01 00
0x0000014132130e1f:   00 00 1f 13 32 41 01 00 00 80 0e 13 32 41 01 00
0x0000014132130e2f:   00 00 1f 13 32 41 01 00 00 70 0e 13 32 41 01 00
0x0000014132130e3f:   00 70 0e 13 32 41 01 00 00 00 00 00 00 00 00 00
0x0000014132130e4f:   00 40 24 59 36 fc 7f 00 00 f0 10 00 00 60 00 00
0x0000014132130e5f:   00 ff ff ff ff f0 10 00 00 00 00 00 00 00 00 00
0x0000014132130e6f:   00 00 00 00 00 00 00 00 00 00 00 00 00 00 00 00
0x0000014132130e7f:   00 f4 66 66 66 0f 1f 84 00 00 00 00 00 66 66 0f
0x0000014132130e8f:   1f 84 00 00 00 00 00 66 66 0f 1f 84 00 00 00 00
0x0000014132130e9f:   00 48 8b 53 08 0f b7 52 2e 48 8b 0c d4 8b 59 14
0x0000014132130eaf:   48 c1 e3 03 8b 5b 28 48 c1 e3 03 8b 5b 24 48 c1
0x0000014132130ebf:   e3 03 48 8b 5b 10 48 85 db 0f 84 10 00 00 00 41
0x0000014132130ecf:   80 bf e8 05 00 00 00 74 03 ff 63 38 ff 63 50 e9
0x0000014132130edf:   9d 16 00 00 66 66 66 0f 1f 84 00 00 00 00 00 66
0x0000014132130eef:   0f 1f 84 00 00 00 00 00 66 0f 1f 84 00 00 00 00
0x0000014132130eff:   00 48 8b 53 08 0f b7 52 2e 48 8b 0c d4 58 5b 50
0x0000014132130f0f:   44 8b 51 08 49 bb 00 00 00 3e 41 01 00 00 4d 03
0x0000014132130f1f:   d3 4c 8b 5b 10 4b 8b 9c da c8 01 00 00 48 85 db
0x0000014132130f2f:   0f 84 10 00 00 00 41 80 bf e8 05 00 00 00 74 03
0x0000014132130f3f:   ff 63 38 ff 63 50 e9 36 16 00 00 66 66 66 0f 1f
0x0000014132130f4f:   84 00 00 00 00 00 66 66 66 0f 1f 84 00 00 00 00
0x0000014132130f5f:   00 58 5b 50 8b 5b 24 48 c1 e3 03 48 8b 5b 10 48
0x0000014132130f6f:   85 db 0f 84 10 00 00 00 41 80 bf e8 05 00 00 00
0x0000014132130f7f:   74 03 ff 63 38 ff 63 50 e9 f4 15 00 00 66 66 0f
0x0000014132130f8f:   1f 84 00 00 00 00 00 66 66 0f 1f 84 00 00 00 00
0x0000014132130f9f:   00 48 8b 53 08 0f b7 52 2e 48 8b 0c d4 58 5b 50
0x0000014132130faf:   48 3b 01 8b 5b 24 48 c1 e3 03 48 8b 5b 10 48 85
0x0000014132130fbf:   db 0f 84 10 00 00 00 41 80 bf e8 05 00 00 00 74
0x0000014132130fcf:   03 ff 63 38 ff 63 50 e9 a5 15 00 00 0f 1f 44 00
0x0000014132130fdf:   00 48 8b 53 08 0f b7 52 2e 48 8b 0c d4 58 5b 50
0x0000014132130fef:   44 8b 51 08 49 bb 00 00 00 3e 41 01 00 00 4d 03
0x0000014132130fff:   d3 8b 43 18 48 c1 e0 03 48 8b 40 10 48 8b 5b 10 


Stack slot to memory mapping:

stack at sp + 0 slots: 0x0000014132109613 is at code_begin+4499 in an Interpreter codelet
return entry points  [0x0000014132108480, 0x000001413210a388]  7944 bytes
stack at sp + 1 slots: 0xfffffffffffffff7 is an unknown value
stack at sp + 2 slots: 0x000001413e6ec1fa is pointing into metadata
stack at sp + 3 slots: 0x0000000000000004 is an unknown value
stack at sp + 4 slots: 0x000001413e094920 is pointing into metadata
stack at sp + 5 slots: 0x0000000b0aef99a0 is pointing into the stack for thread: 0x00000141074d1450
stack at sp + 6 slots: 0x0000000709589430 is an oop: java.lang.Class 
{0x0000000709589430} - klass: 'java/lang/Class'
 - ---- fields (total size 14 words):
 - private volatile transient 'classRedefinedCount' 'I' @12  0 (0x00000000)
 - injected 'klass' 'J' @16  1379725296872 (0x000001413e0944e8)
 - injected 'array_klass' 'J' @24  0 (0x0000000000000000)
 - injected 'oop_size' 'I' @32  14 (0x0000000e)
 - injected 'static_oop_field_count' 'I' @36  0 (0x00000000)
 - private volatile transient 'cachedConstructor' 'Ljava/lang/reflect/Constructor;' @40  null (0x00000000)
 - private transient 'name' 'Ljava/lang/String;' @44  "java.lang.invoke.DirectMethodHandle$Holder"{0x00000007095894a0} (0xe12b1294)
 - private transient 'module' 'Ljava/lang/Module;' @48  a 'java/lang/Module'{0x000000070959e9e0} (0xe12b3d3c)
 - private final 'classLoader' 'Ljava/lang/ClassLoader;' @52  null (0x00000000)
 - private transient 'classData' 'Ljava/lang/Object;' @56  null (0x00000000)
 - private transient 'packageName' 'Ljava/lang/String;' @60  null (0x00000000)
 - private final 'componentType' 'Ljava/lang/Class;' @64  null (0x00000000)
 - private volatile transient 'reflectionData' 'Ljava/lang/ref/SoftReference;' @68  null (0x00000000)
 - private volatile transient 'genericInfo' 'Lsun/reflect/generics/repository/ClassRepository;' @72  null (0x00000000)
 - private volatile transient 'enumConstants' '[Ljava/lang/Object;' @76  null (0x00000000)
 - private volatile transient 'enumConstantDirectory' 'Ljava/util/Map;' @80  null (0x00000000)
 - private volatile transient 'annotationData' 'Ljava/lang/Class$AnnotationData;' @84  null (0x00000000)
 - private volatile transient 'annotationType' 'Lsun/reflect/annotation/AnnotationType;' @88  null (0x00000000)
 - transient 'classValueMap' 'Ljava/lang/ClassValue$ClassValueMap;' @92  null (0x00000000)
 - injected 'protection_domain' 'Ljava/lang/Object;' @96  null (0x00000000)
 - injected 'signers_name' 'Ljava/lang/Object;' @100  null (0x00000000)
 - injected 'source_file' 'Ljava/lang/Object;' @104  null (0x00000000)
 - signature: Ljava/lang/invoke/DirectMethodHandle$Holder;
 - ---- static fields (0):
stack at sp + 7 slots: {method} {0x000001413e097060} 'invokeVirtual' '(Ljava/lang/Object;Ljava/lang/Object;)Ljava/lang/Object;' in 'java/lang/invoke/DirectMethodHandle$Holder'

MethodHandle::interpreter_entry::_linkToVirtual [0x0000014132130ee3, 0x0000014132130f4a] (103 bytes)
[MachCode]
  0x0000014132130ee3: 6666 660f | 1f84 0000 | 0000 0066 | 0f1f 8400 | 0000 0000 | 660f 1f84 | 0000 0000 | 0048 8b53 
  0x0000014132130f03: 080f b752 | 2e48 8b0c | d458 5b50 | 448b 5108 | 49bb 0000 | 003e 4101 | 0000 4d03 | d34c 8b5b 
  0x0000014132130f23: 104b 8b9c | dac8 0100 | 0048 85db | 0f84 1000 | 0000 4180 | bfe8 0500 | 0000 7403 | ff63 38ff 
  0x0000014132130f43: 6350 e936 | 
[/MachCode]

---------------  P R O C E S S  ---------------

Threads class SMR info:
_java_thread_list=0x0000014105d23120, length=53, elements={
0x000001413d23c960, 0x000001413d23d520, 0x000001413d248a50, 0x000001413d24a4c0,
0x000001413d24af20, 0x000001413d24d990, 0x000001413d24e3f0, 0x000001413d210c10,
0x000001413d83a190, 0x000001413d83b250, 0x000001413d861ff0, 0x000001413d867c10,
0x000001417f5f4f40, 0x0000014104754910, 0x00000141047c2a90, 0x0000014105255ce0,
0x0000014105252ef0, 0x0000014105253c10, 0x00000141052542a0, 0x0000014105254930,
0x00000141074d0dc0, 0x00000141074d0730, 0x00000141074cfa10, 0x00000141074d1450,
0x00000141074d6310, 0x00000141074d3520, 0x00000141074d00a0, 0x00000141074d2170,
0x00000141074d1ae0, 0x00000141074d2800, 0x00000141074d2e90, 0x00000141074cf380,
0x00000141074d5c80, 0x00000141074d69a0, 0x00000141074d3bb0, 0x00000141074d4240,
0x00000141074d48d0, 0x00000141074d4f60, 0x00000141074d55f0, 0x0000014105255650,
0x0000014107a3ca80, 0x0000014107a3bd60, 0x0000014107a35af0, 0x0000014107a38f70,
0x0000014107a37530, 0x0000014107a36180, 0x0000014107a36810, 0x0000014107a36ea0,
0x0000014107a38250, 0x0000014107a388e0, 0x0000014107a39600, 0x0000014107a3a9b0,
0x0000014107a3b6d0
}

Java Threads: ( => current thread )
  0x000001413d23c960 JavaThread "Reference Handler"          daemon [_thread_blocked, id=15948, stack(0x0000000b08000000,0x0000000b08100000) (1024K)]
  0x000001413d23d520 JavaThread "Finalizer"                  daemon [_thread_blocked, id=26592, stack(0x0000000b08100000,0x0000000b08200000) (1024K)]
  0x000001413d248a50 JavaThread "Signal Dispatcher"          daemon [_thread_blocked, id=25984, stack(0x0000000b08200000,0x0000000b08300000) (1024K)]
  0x000001413d24a4c0 JavaThread "Attach Listener"            daemon [_thread_blocked, id=19828, stack(0x0000000b08300000,0x0000000b08400000) (1024K)]
  0x000001413d24af20 JavaThread "Service Thread"             daemon [_thread_blocked, id=20928, stack(0x0000000b08400000,0x0000000b08500000) (1024K)]
  0x000001413d24d990 JavaThread "Monitor Deflation Thread"   daemon [_thread_blocked, id=19060, stack(0x0000000b08500000,0x0000000b08600000) (1024K)]
  0x000001413d24e3f0 JavaThread "C1 CompilerThread0"         daemon [_thread_blocked, id=27764, stack(0x0000000b08600000,0x0000000b08700000) (1024K)]
  0x000001413d210c10 JavaThread "Common-Cleaner"             daemon [_thread_blocked, id=24128, stack(0x0000000b08800000,0x0000000b08900000) (1024K)]
  0x000001413d83a190 JavaThread "JDWP Transport Listener: dt_socket" daemon [_thread_blocked, id=11948, stack(0x0000000b08900000,0x0000000b08a00000) (1024K)]
  0x000001413d83b250 JavaThread "JDWP Event Helper Thread"   daemon [_thread_blocked, id=3372, stack(0x0000000b08a00000,0x0000000b08b00000) (1024K)]
  0x000001413d861ff0 JavaThread "JDWP Command Reader"        daemon [_thread_in_native, id=27256, stack(0x0000000b08b00000,0x0000000b08c00000) (1024K)]
  0x000001413d867c10 JavaThread "Notification Thread"        daemon [_thread_blocked, id=16692, stack(0x0000000b08c00000,0x0000000b08d00000) (1024K)]
  0x000001417f5f4f40 JavaThread "RMI TCP Accept-0"           daemon [_thread_in_native, id=28120, stack(0x0000000b08f00000,0x0000000b09000000) (1024K)]
  0x0000014104754910 JavaThread "RMI TCP Connection(idle)"   daemon [_thread_blocked, id=5424, stack(0x0000000b0a300000,0x0000000b0a400000) (1024K)]
  0x00000141047c2a90 JavaThread "RMI Scheduler(0)"           daemon [_thread_blocked, id=28644, stack(0x0000000b0a400000,0x0000000b0a500000) (1024K)]
  0x0000014105255ce0 JavaThread "mysql-cj-abandoned-connection-cleanup" daemon [_thread_blocked, id=22596, stack(0x0000000b09e00000,0x0000000b09f00000) (1024K)]
  0x0000014105252ef0 JavaThread "HikariPool-1 housekeeper"   daemon [_thread_blocked, id=21484, stack(0x0000000b0a600000,0x0000000b0a700000) (1024K)]
  0x0000014105253c10 JavaThread "Catalina-utility-1"                [_thread_blocked, id=19076, stack(0x0000000b0a800000,0x0000000b0a900000) (1024K)]
  0x00000141052542a0 JavaThread "Catalina-utility-2"                [_thread_blocked, id=25828, stack(0x0000000b0a900000,0x0000000b0aa00000) (1024K)]
  0x0000014105254930 JavaThread "container-0"                       [_thread_blocked, id=20392, stack(0x0000000b0aa00000,0x0000000b0ab00000) (1024K)]
  0x00000141074d0dc0 JavaThread "File Watcher"               daemon [_thread_blocked, id=21648, stack(0x0000000b0ab00000,0x0000000b0ac00000) (1024K)]
  0x00000141074d0730 JavaThread "Live Reload Server"         daemon [_thread_in_native, id=29332, stack(0x0000000b0ad00000,0x0000000b0ae00000) (1024K)]
  0x00000141074cfa10 JavaThread "MessageBroker-1"                   [_thread_blocked, id=13992, stack(0x0000000b0ac00000,0x0000000b0ad00000) (1024K)]
=>0x00000141074d1450 JavaThread "http-nio-8080-exec-1"       daemon [_thread_in_Java, id=16424, stack(0x0000000b0ae00000,0x0000000b0af00000) (1024K)]
  0x00000141074d6310 JavaThread "http-nio-8080-exec-2"       daemon [_thread_blocked, id=22588, stack(0x0000000b0af00000,0x0000000b0b000000) (1024K)]
  0x00000141074d3520 JavaThread "http-nio-8080-exec-3"       daemon [_thread_blocked, id=28184, stack(0x0000000b0b000000,0x0000000b0b100000) (1024K)]
  0x00000141074d00a0 JavaThread "http-nio-8080-exec-4"       daemon [_thread_blocked, id=23984, stack(0x0000000b0b100000,0x0000000b0b200000) (1024K)]
  0x00000141074d2170 JavaThread "http-nio-8080-exec-5"       daemon [_thread_blocked, id=28776, stack(0x0000000b0b200000,0x0000000b0b300000) (1024K)]
  0x00000141074d1ae0 JavaThread "http-nio-8080-exec-6"       daemon [_thread_blocked, id=17728, stack(0x0000000b0b300000,0x0000000b0b400000) (1024K)]
  0x00000141074d2800 JavaThread "http-nio-8080-exec-7"       daemon [_thread_blocked, id=25432, stack(0x0000000b0b400000,0x0000000b0b500000) (1024K)]
  0x00000141074d2e90 JavaThread "http-nio-8080-exec-8"       daemon [_thread_blocked, id=18896, stack(0x0000000b0b500000,0x0000000b0b600000) (1024K)]
  0x00000141074cf380 JavaThread "http-nio-8080-exec-9"       daemon [_thread_blocked, id=23424, stack(0x0000000b0b600000,0x0000000b0b700000) (1024K)]
  0x00000141074d5c80 JavaThread "http-nio-8080-exec-10"      daemon [_thread_blocked, id=10620, stack(0x0000000b0b700000,0x0000000b0b800000) (1024K)]
  0x00000141074d69a0 JavaThread "http-nio-8080-Poller"       daemon [_thread_in_native, id=23912, stack(0x0000000b0b800000,0x0000000b0b900000) (1024K)]
  0x00000141074d3bb0 JavaThread "http-nio-8080-Acceptor"     daemon [_thread_in_native, id=28088, stack(0x0000000b0b900000,0x0000000b0ba00000) (1024K)]
  0x00000141074d4240 JavaThread "DestroyJavaVM"                     [_thread_blocked, id=29612, stack(0x0000000b07800000,0x0000000b07900000) (1024K)]
  0x00000141074d48d0 JavaThread "RMI TCP Connection(3)-192.168.1.110" daemon [_thread_in_native, id=25064, stack(0x0000000b09b00000,0x0000000b09c00000) (1024K)]
  0x00000141074d4f60 JavaThread "MessageBroker-2"                   [_thread_blocked, id=23356, stack(0x0000000b09c00000,0x0000000b09d00000) (1024K)]
  0x00000141074d55f0 JavaThread "MessageBroker-3"                   [_thread_blocked, id=27704, stack(0x0000000b09f00000,0x0000000b0a000000) (1024K)]
  0x0000014105255650 JavaThread "MessageBroker-4"                   [_thread_blocked, id=27712, stack(0x0000000b0a700000,0x0000000b0a800000) (1024K)]
  0x0000014107a3ca80 JavaThread "WebSocket background processing" daemon [_thread_blocked, id=29004, stack(0x0000000b0ba00000,0x0000000b0bb00000) (1024K)]
  0x0000014107a3bd60 JavaThread "taskExecutor-1"                    [_thread_blocked, id=19916, stack(0x0000000b0bb00000,0x0000000b0bc00000) (1024K)]
  0x0000014107a35af0 JavaThread "taskExecutor-2"                    [_thread_blocked, id=3584, stack(0x0000000b0bc00000,0x0000000b0bd00000) (1024K)]
  0x0000014107a38f70 JavaThread "taskExecutor-3"                    [_thread_blocked, id=28320, stack(0x0000000b0bd00000,0x0000000b0be00000) (1024K)]
  0x0000014107a37530 JavaThread "MessageBroker-5"                   [_thread_blocked, id=14220, stack(0x0000000b0be00000,0x0000000b0bf00000) (1024K)]
  0x0000014107a36180 JavaThread "MessageBroker-6"                   [_thread_blocked, id=28596, stack(0x0000000b08e00000,0x0000000b08f00000) (1024K)]
  0x0000014107a36810 JavaThread "MessageBroker-7"                   [_thread_blocked, id=19596, stack(0x0000000b0a000000,0x0000000b0a100000) (1024K)]
  0x0000014107a36ea0 JavaThread "MessageBroker-8"                   [_thread_blocked, id=13556, stack(0x0000000b0bf00000,0x0000000b0c000000) (1024K)]
  0x0000014107a38250 JavaThread "MessageBroker-9"                   [_thread_blocked, id=27476, stack(0x0000000b0c000000,0x0000000b0c100000) (1024K)]
  0x0000014107a388e0 JavaThread "MessageBroker-10"                  [_thread_blocked, id=6988, stack(0x0000000b0c100000,0x0000000b0c200000) (1024K)]
  0x0000014107a39600 JavaThread "MessageBroker-11"                  [_thread_blocked, id=3276, stack(0x0000000b0c200000,0x0000000b0c300000) (1024K)]
  0x0000014107a3a9b0 JavaThread "MessageBroker-12"                  [_thread_blocked, id=23264, stack(0x0000000b0c300000,0x0000000b0c400000) (1024K)]
  0x0000014107a3b6d0 JavaThread "MessageBroker-13"                  [_thread_blocked, id=27808, stack(0x0000000b0c400000,0x0000000b0c500000) (1024K)]
Total: 53

Other Threads:
  0x000001413d2273c0 VMThread "VM Thread"                           [id=11032, stack(0x0000000b07f00000,0x0000000b08000000) (1024K)]
  0x000001413d20e140 WatcherThread "VM Periodic Task Thread"        [id=24000, stack(0x0000000b07e00000,0x0000000b07f00000) (1024K)]
  0x0000014129e407b0 WorkerThread "GC Thread#0"                     [id=9840, stack(0x0000000b07900000,0x0000000b07a00000) (1024K)]
  0x000001417f61cf30 WorkerThread "GC Thread#1"                     [id=27912, stack(0x0000000b09000000,0x0000000b09100000) (1024K)]
  0x000001417f61d2e0 WorkerThread "GC Thread#2"                     [id=29540, stack(0x0000000b09100000,0x0000000b09200000) (1024K)]
  0x000001417f61d690 WorkerThread "GC Thread#3"                     [id=5788, stack(0x0000000b09200000,0x0000000b09300000) (1024K)]
  0x000001417f61ea80 WorkerThread "GC Thread#4"                     [id=15124, stack(0x0000000b09300000,0x0000000b09400000) (1024K)]
  0x000001417f62b890 WorkerThread "GC Thread#5"                     [id=29488, stack(0x0000000b09400000,0x0000000b09500000) (1024K)]
  0x000001417f637160 WorkerThread "GC Thread#6"                     [id=18740, stack(0x0000000b09500000,0x0000000b09600000) (1024K)]
  0x000001417f637920 WorkerThread "GC Thread#7"                     [id=26480, stack(0x0000000b09600000,0x0000000b09700000) (1024K)]
  0x000001417f637cd0 WorkerThread "GC Thread#8"                     [id=29692, stack(0x0000000b09700000,0x0000000b09800000) (1024K)]
  0x000001417f6388a0 WorkerThread "GC Thread#9"                     [id=5748, stack(0x0000000b09800000,0x0000000b09900000) (1024K)]
  0x000001417f63cb90 WorkerThread "GC Thread#10"                    [id=24688, stack(0x0000000b09900000,0x0000000b09a00000) (1024K)]
  0x000001417f63bcd0 WorkerThread "GC Thread#11"                    [id=17344, stack(0x0000000b09a00000,0x0000000b09b00000) (1024K)]
  0x000001417f63d6a0 WorkerThread "GC Thread#12"                    [id=29188, stack(0x0000000b09d00000,0x0000000b09e00000) (1024K)]
  0x0000014129e50e70 ConcurrentGCThread "G1 Main Marker"            [id=27524, stack(0x0000000b07a00000,0x0000000b07b00000) (1024K)]
  0x0000014129e51b30 WorkerThread "G1 Conc#0"                       [id=28420, stack(0x0000000b07b00000,0x0000000b07c00000) (1024K)]
  0x000001417f63c080 WorkerThread "G1 Conc#1"                       [id=24948, stack(0x0000000b0a100000,0x0000000b0a200000) (1024K)]
  0x000001417f63c430 WorkerThread "G1 Conc#2"                       [id=17172, stack(0x0000000b0a200000,0x0000000b0a300000) (1024K)]
  0x000001413d0e3060 ConcurrentGCThread "G1 Refine#0"               [id=16276, stack(0x0000000b07c00000,0x0000000b07d00000) (1024K)]
  0x000001413d0e39f0 ConcurrentGCThread "G1 Service"                [id=17552, stack(0x0000000b07d00000,0x0000000b07e00000) (1024K)]
Total: 21

Threads with active compile tasks:
Total: 0

VM state: not at safepoint (normal execution)

VM Mutex/Monitor currently owned by a thread: None

Heap address: 0x0000000709200000, size: 3950 MB, Compressed Oops mode: Zero based, Oop shift amount: 3

CDS archive(s) mapped at: [0x000001413e000000-0x000001413ec50000-0x000001413ec50000), size 12910592, SharedBaseAddress: 0x000001413e000000, ArchiveRelocationMode: 1.
Compressed class space mapped at: 0x000001413f000000-0x000001417f000000, reserved size: 1073741824
Narrow klass base: 0x000001413e000000, Narrow klass shift: 0, Narrow klass range: 0x41000000

GC Precious Log:
 CardTable entry size: 512
 Card Set container configuration: InlinePtr #cards 4 size 8 Array Of Cards #cards 16 size 48 Howl #buckets 8 coarsen threshold 3686 Howl Bitmap #cards 512 size 80 coarsen threshold 460 Card regions per heap region 1 cards per card region 4096
 CPUs: 16 total, 16 available
 Memory: 15792M
 Large Page Support: Disabled
 NUMA Support: Disabled
 Compressed Oops: Enabled (Zero based)
 Heap Region Size: 2M
 Heap Min Capacity: 8M
 Heap Initial Capacity: 248M
 Heap Max Capacity: 3950M
 Pre-touch: Disabled
 Parallel Workers: 13
 Concurrent Workers: 3
 Concurrent Refinement Workers: 13
 Periodic GC: Disabled

Heap:
 garbage-first heap   total reserved 4044800K, committed 114688K, used 65968K [0x0000000709200000, 0x0000000800000000)
  region size 2048K, 10 young (20480K), 2 survivors (4096K)
 Metaspace       used 87941K, committed 88960K, reserved 1179648K
  class space    used 12851K, committed 13312K, reserved 1048576K

Heap Regions: E=young(eden), S=young(survivor), O=old, HS=humongous(starts), HC=humongous(continues), CS=collection set, F=free, TAMS=top-at-mark-start, PB=parsable bottom
|   0|0x0000000709200000, 0x0000000709400000, 0x0000000709400000|100%| O|  |TAMS 0x0000000709200000| PB 0x0000000709200000| Untracked |  0
|   1|0x0000000709400000, 0x0000000709600000, 0x0000000709600000|100%| O|  |TAMS 0x0000000709400000| PB 0x0000000709400000| Untracked |  0
|   2|0x0000000709600000, 0x0000000709800000, 0x0000000709800000|100%| O|  |TAMS 0x0000000709600000| PB 0x0000000709600000| Untracked |  0
|   3|0x0000000709800000, 0x0000000709a00000, 0x0000000709a00000|100%| O|  |TAMS 0x0000000709800000| PB 0x0000000709800000| Untracked |  0
|   4|0x0000000709a00000, 0x0000000709c00000, 0x0000000709c00000|100%| O|  |TAMS 0x0000000709a00000| PB 0x0000000709a00000| Untracked |  0
|   5|0x0000000709c00000, 0x0000000709e00000, 0x0000000709e00000|100%| O|  |TAMS 0x0000000709c00000| PB 0x0000000709c00000| Untracked |  0
|   6|0x0000000709e00000, 0x000000070a000000, 0x000000070a000000|100%| O|  |TAMS 0x0000000709e00000| PB 0x0000000709e00000| Untracked |  0
|   7|0x000000070a000000, 0x000000070a200000, 0x000000070a200000|100%| O|  |TAMS 0x000000070a000000| PB 0x000000070a000000| Untracked |  0
|   8|0x000000070a200000, 0x000000070a400000, 0x000000070a400000|100%| O|Cm|TAMS 0x000000070a200000| PB 0x000000070a200000| Complete |  0
|   9|0x000000070a400000, 0x000000070a600000, 0x000000070a600000|100%| O|  |TAMS 0x000000070a400000| PB 0x000000070a400000| Untracked |  0
|  10|0x000000070a600000, 0x000000070a800000, 0x000000070a800000|100%| O|  |TAMS 0x000000070a600000| PB 0x000000070a600000| Untracked |  0
|  11|0x000000070a800000, 0x000000070aa00000, 0x000000070aa00000|100%| O|  |TAMS 0x000000070a800000| PB 0x000000070a800000| Untracked |  0
|  12|0x000000070aa00000, 0x000000070ac00000, 0x000000070ac00000|100%| O|  |TAMS 0x000000070aa00000| PB 0x000000070aa00000| Untracked |  0
|  13|0x000000070ac00000, 0x000000070ae00000, 0x000000070ae00000|100%| O|  |TAMS 0x000000070ac00000| PB 0x000000070ac00000| Untracked |  0
|  14|0x000000070ae00000, 0x000000070b000000, 0x000000070b000000|100%| O|  |TAMS 0x000000070ae00000| PB 0x000000070ae00000| Untracked |  0
|  15|0x000000070b000000, 0x000000070b200000, 0x000000070b200000|100%| O|  |TAMS 0x000000070b000000| PB 0x000000070b000000| Untracked |  0
|  16|0x000000070b200000, 0x000000070b400000, 0x000000070b400000|100%| O|  |TAMS 0x000000070b200000| PB 0x000000070b200000| Untracked |  0
|  17|0x000000070b400000, 0x000000070b600000, 0x000000070b600000|100%| O|  |TAMS 0x000000070b400000| PB 0x000000070b400000| Untracked |  0
|  18|0x000000070b600000, 0x000000070b600000, 0x000000070b800000|  0%| F|  |TAMS 0x000000070b600000| PB 0x000000070b600000| Untracked |  0
|  19|0x000000070b800000, 0x000000070b800000, 0x000000070ba00000|  0%| F|  |TAMS 0x000000070b800000| PB 0x000000070b800000| Untracked |  0
|  20|0x000000070ba00000, 0x000000070bc00000, 0x000000070bc00000|100%| O|  |TAMS 0x000000070ba00000| PB 0x000000070ba00000| Untracked |  0
|  21|0x000000070bc00000, 0x000000070be00000, 0x000000070be00000|100%| O|  |TAMS 0x000000070bc00000| PB 0x000000070bc00000| Untracked |  0
|  22|0x000000070be00000, 0x000000070c000000, 0x000000070c000000|100%| O|  |TAMS 0x000000070be00000| PB 0x000000070be00000| Untracked |  0
|  23|0x000000070c000000, 0x000000070c000000, 0x000000070c200000|  0%| F|  |TAMS 0x000000070c000000| PB 0x000000070c000000| Untracked |  0
|  24|0x000000070c200000, 0x000000070c29b8c0, 0x000000070c400000| 30%| O|  |TAMS 0x000000070c200000| PB 0x000000070c200000| Untracked |  0
|  25|0x000000070c400000, 0x000000070c400000, 0x000000070c600000|  0%| F|  |TAMS 0x000000070c400000| PB 0x000000070c400000| Untracked |  0
|  26|0x000000070c600000, 0x000000070c600000, 0x000000070c800000|  0%| F|  |TAMS 0x000000070c600000| PB 0x000000070c600000| Untracked |  0
|  27|0x000000070c800000, 0x000000070c800000, 0x000000070ca00000|  0%| F|  |TAMS 0x000000070c800000| PB 0x000000070c800000| Untracked |  0
|  28|0x000000070ca00000, 0x000000070cbd0790, 0x000000070cc00000| 90%| S|CS|TAMS 0x000000070ca00000| PB 0x000000070ca00000| Complete |  0
|  29|0x000000070cc00000, 0x000000070ce00000, 0x000000070ce00000|100%| S|CS|TAMS 0x000000070cc00000| PB 0x000000070cc00000| Complete |  0
|  30|0x000000070ce00000, 0x000000070ce00000, 0x000000070d000000|  0%| F|  |TAMS 0x000000070ce00000| PB 0x000000070ce00000| Untracked |  0
|  31|0x000000070d000000, 0x000000070d000000, 0x000000070d200000|  0%| F|  |TAMS 0x000000070d000000| PB 0x000000070d000000| Untracked |  0
|  32|0x000000070d200000, 0x000000070d200000, 0x000000070d400000|  0%| F|  |TAMS 0x000000070d200000| PB 0x000000070d200000| Untracked |  0
|  33|0x000000070d400000, 0x000000070d400000, 0x000000070d600000|  0%| F|  |TAMS 0x000000070d400000| PB 0x000000070d400000| Untracked |  0
|  34|0x000000070d600000, 0x000000070d600000, 0x000000070d800000|  0%| F|  |TAMS 0x000000070d600000| PB 0x000000070d600000| Untracked |  0
|  35|0x000000070d800000, 0x000000070d800000, 0x000000070da00000|  0%| F|  |TAMS 0x000000070d800000| PB 0x000000070d800000| Untracked |  0
|  36|0x000000070da00000, 0x000000070da00000, 0x000000070dc00000|  0%| F|  |TAMS 0x000000070da00000| PB 0x000000070da00000| Untracked |  0
|  37|0x000000070dc00000, 0x000000070dc00000, 0x000000070de00000|  0%| F|  |TAMS 0x000000070dc00000| PB 0x000000070dc00000| Untracked |  0
|  38|0x000000070de00000, 0x000000070de00000, 0x000000070e000000|  0%| F|  |TAMS 0x000000070de00000| PB 0x000000070de00000| Untracked |  0
|  39|0x000000070e000000, 0x000000070e000000, 0x000000070e200000|  0%| F|  |TAMS 0x000000070e000000| PB 0x000000070e000000| Untracked |  0
|  40|0x000000070e200000, 0x000000070e200000, 0x000000070e400000|  0%| F|  |TAMS 0x000000070e200000| PB 0x000000070e200000| Untracked |  0
|  41|0x000000070e400000, 0x000000070e400000, 0x000000070e600000|  0%| F|  |TAMS 0x000000070e400000| PB 0x000000070e400000| Untracked |  0
|  42|0x000000070e600000, 0x000000070e600000, 0x000000070e800000|  0%| F|  |TAMS 0x000000070e600000| PB 0x000000070e600000| Untracked |  0
|  43|0x000000070e800000, 0x000000070e800000, 0x000000070ea00000|  0%| F|  |TAMS 0x000000070e800000| PB 0x000000070e800000| Untracked |  0
|  44|0x000000070ea00000, 0x000000070ea00000, 0x000000070ec00000|  0%| F|  |TAMS 0x000000070ea00000| PB 0x000000070ea00000| Untracked |  0
|  45|0x000000070ec00000, 0x000000070ec00000, 0x000000070ee00000|  0%| F|  |TAMS 0x000000070ec00000| PB 0x000000070ec00000| Untracked |  0
|  46|0x000000070ee00000, 0x000000070ee36b80, 0x000000070f000000| 10%| E|  |TAMS 0x000000070ee00000| PB 0x000000070ee00000| Complete |  0
|  47|0x000000070f000000, 0x000000070f200000, 0x000000070f200000|100%| E|CS|TAMS 0x000000070f000000| PB 0x000000070f000000| Complete |  0
|  65|0x0000000711400000, 0x0000000711600000, 0x0000000711600000|100%| E|CS|TAMS 0x0000000711400000| PB 0x0000000711400000| Complete |  0
|  66|0x0000000711600000, 0x0000000711800000, 0x0000000711800000|100%| E|CS|TAMS 0x0000000711600000| PB 0x0000000711600000| Complete |  0
|  67|0x0000000711800000, 0x0000000711a00000, 0x0000000711a00000|100%| E|CS|TAMS 0x0000000711800000| PB 0x0000000711800000| Complete |  0
|  68|0x0000000711a00000, 0x0000000711c00000, 0x0000000711c00000|100%| E|CS|TAMS 0x0000000711a00000| PB 0x0000000711a00000| Complete |  0
| 123|0x0000000718800000, 0x0000000718a00000, 0x0000000718a00000|100%| E|CS|TAMS 0x0000000718800000| PB 0x0000000718800000| Complete |  0
|1972|0x00000007ffa00000, 0x00000007ffc00000, 0x00000007ffc00000|100%| E|CS|TAMS 0x00000007ffa00000| PB 0x00000007ffa00000| Complete |  0
|1973|0x00000007ffc00000, 0x00000007ffe00000, 0x00000007ffe00000|100%| O|  |TAMS 0x00000007ffc00000| PB 0x00000007ffc00000| Untracked |  0
|1974|0x00000007ffe00000, 0x0000000800000000, 0x0000000800000000|100%| O|  |TAMS 0x00000007ffe00000| PB 0x00000007ffe00000| Untracked |  0

Card table byte_map: [0x0000014136030000,0x00000141367f0000] _byte_map_base: 0x00000141327e7000

Marking Bits: (CMBitMap*) 0x0000014129e40ec0
 Bits: [0x00000141367f0000, 0x000001413a5a8000)

Polling page: 0x0000014129580000

Metaspace:

Usage:
  Non-class:     73.33 MB used.
      Class:     12.55 MB used.
       Both:     85.88 MB used.

Virtual space:
  Non-class space:      128.00 MB reserved,      73.88 MB ( 58%) committed,  2 nodes.
      Class space:        1.00 GB reserved,      13.00 MB (  1%) committed,  1 nodes.
             Both:        1.12 GB reserved,      86.88 MB (  8%) committed. 

Chunk freelists:
   Non-Class:  5.78 MB
       Class:  3.04 MB
        Both:  8.82 MB

MaxMetaspaceSize: unlimited
CompressedClassSpaceSize: 1.00 GB
Initial GC threshold: 21.00 MB
Current GC threshold: 131.38 MB
CDS: on
 - commit_granule_bytes: 65536.
 - commit_granule_words: 8192.
 - virtual_space_node_default_size: 8388608.
 - enlarge_chunks_in_place: 1.
 - use_allocation_guard: 0.


Internal statistics:

num_allocs_failed_limit: 6.
num_arena_births: 1454.
num_arena_deaths: 0.
num_vsnodes_births: 3.
num_vsnodes_deaths: 0.
num_space_committed: 1390.
num_space_uncommitted: 0.
num_chunks_returned_to_freelist: 6.
num_chunks_taken_from_freelist: 4538.
num_chunk_merges: 3.
num_chunk_splits: 3269.
num_chunks_enlarged: 2535.
num_inconsistent_stats: 0.

CodeCache: size=49152Kb used=17494Kb max_used=19712Kb free=31657Kb
 bounds [0x0000014132100000, 0x00000141334d0000, 0x0000014135100000]
 total_blobs=10480 nmethods=9685 adapters=718
 compilation: enabled
              stopped_count=0, restarted_count=0
 full_count=0

Compilation events (20 events):
Event: 49.157 Thread 0x000001413d24e3f0 10727       1       java.util.concurrent.ScheduledThreadPoolExecutor$ScheduledFutureTask::compareTo (9 bytes)
Event: 49.157 Thread 0x000001413d24e3f0 nmethod 10727 0x0000014132472390 code [0x0000014132472540, 0x0000014132472690]
Event: 49.157 Thread 0x000001413d24e3f0 10725       1       java.util.concurrent.ThreadPoolExecutor::workerCountOf (5 bytes)
Event: 49.157 Thread 0x000001413d24e3f0 nmethod 10725 0x00000141327bac90 code [0x00000141327bae20, 0x00000141327baed0]
Event: 49.157 Thread 0x000001413d24e3f0 10726       1       jdk.internal.misc.Unsafe::putReferenceOpaque (9 bytes)
Event: 49.158 Thread 0x000001413d24e3f0 nmethod 10726 0x0000014132472090 code [0x0000014132472220, 0x0000014132472340]
Event: 49.158 Thread 0x000001413d24e3f0 10728       1       java.util.concurrent.ScheduledThreadPoolExecutor$ScheduledFutureTask::compareTo (101 bytes)
Event: 49.158 Thread 0x000001413d24e3f0 nmethod 10728 0x0000014132471890 code [0x0000014132471a80, 0x0000014132471ee8]
Event: 49.158 Thread 0x000001413d24e3f0 10729       1       java.util.concurrent.ThreadPoolExecutor::isShutdown (12 bytes)
Event: 49.158 Thread 0x000001413d24e3f0 nmethod 10729 0x0000014132471510 code [0x00000141324716a0, 0x0000014132471788]
Event: 49.159 Thread 0x000001413d24e3f0 10730       1       jdk.internal.event.Event::<init> (5 bytes)
Event: 49.159 Thread 0x000001413d24e3f0 nmethod 10730 0x0000014132471210 code [0x00000141324713a0, 0x0000014132471468]
Event: 49.159 Thread 0x000001413d24e3f0 10731   !   1       java.io.ObjectInputStream::filterCheck (359 bytes)
Event: 49.160 Thread 0x000001413d24e3f0 nmethod 10731 0x0000014132470610 code [0x0000014132470840, 0x0000014132470e80]
Event: 49.160 Thread 0x000001413d24e3f0 10732       1       java.io.ObjectInputStream$BlockDataInputStream::getBytesRead (8 bytes)
Event: 49.160 Thread 0x000001413d24e3f0 nmethod 10732 0x0000014132470310 code [0x00000141324704a0, 0x0000014132470578]
Event: 49.160 Thread 0x000001413d24e3f0 10733       1       jdk.internal.event.DeserializationEvent::<init> (5 bytes)
Event: 49.160 Thread 0x000001413d24e3f0 nmethod 10733 0x0000014132470010 code [0x00000141324701a0, 0x0000014132470268]
Event: 49.160 Thread 0x000001413d24e3f0 10734       1       java.lang.Thread::onSpinWait (1 bytes)
Event: 49.160 Thread 0x000001413d24e3f0 nmethod 10734 0x000001413246fd10 code [0x000001413246fea0, 0x000001413246ff48]

GC Heap History (20 events):
Event: 2.269 GC heap before
{Heap before GC invocations=9 (full 0):
 garbage-first heap   total reserved 4044800K, committed 57344K, used 44252K [0x0000000709200000, 0x0000000800000000)
  region size 2048K, 14 young (28672K), 2 survivors (4096K)
 Metaspace       used 27412K, committed 27904K, reserved 1114112K
  class space    used 3677K, committed 3904K, reserved 1048576K
}
Event: 2.272 GC heap after
{Heap after GC invocations=10 (full 0):
 garbage-first heap   total reserved 4044800K, committed 155648K, used 21547K [0x0000000709200000, 0x0000000800000000)
  region size 2048K, 2 young (4096K), 2 survivors (4096K)
 Metaspace       used 27412K, committed 27904K, reserved 1114112K
  class space    used 3677K, committed 3904K, reserved 1048576K
}
Event: 3.236 GC heap before
{Heap before GC invocations=10 (full 0):
 garbage-first heap   total reserved 4044800K, committed 155648K, used 107563K [0x0000000709200000, 0x0000000800000000)
  region size 2048K, 45 young (92160K), 2 survivors (4096K)
 Metaspace       used 39575K, committed 40192K, reserved 1114112K
  class space    used 5515K, committed 5760K, reserved 1048576K
}
Event: 3.242 GC heap after
{Heap after GC invocations=11 (full 0):
 garbage-first heap   total reserved 4044800K, committed 155648K, used 26279K [0x0000000709200000, 0x0000000800000000)
  region size 2048K, 4 young (8192K), 4 survivors (8192K)
 Metaspace       used 39575K, committed 40192K, reserved 1114112K
  class space    used 5515K, committed 5760K, reserved 1048576K
}
Event: 3.389 GC heap before
{Heap before GC invocations=11 (full 0):
 garbage-first heap   total reserved 4044800K, committed 155648K, used 38567K [0x0000000709200000, 0x0000000800000000)
  region size 2048K, 11 young (22528K), 4 survivors (8192K)
 Metaspace       used 42598K, committed 43136K, reserved 1114112K
  class space    used 5851K, committed 6080K, reserved 1048576K
}
Event: 3.393 GC heap after
{Heap after GC invocations=12 (full 0):
 garbage-first heap   total reserved 4044800K, committed 155648K, used 27858K [0x0000000709200000, 0x0000000800000000)
  region size 2048K, 4 young (8192K), 4 survivors (8192K)
 Metaspace       used 42598K, committed 43136K, reserved 1114112K
  class space    used 5851K, committed 6080K, reserved 1048576K
}
Event: 4.327 GC heap before
{Heap before GC invocations=13 (full 0):
 garbage-first heap   total reserved 4044800K, committed 102400K, used 99538K [0x0000000709200000, 0x0000000800000000)
  region size 2048K, 39 young (79872K), 4 survivors (8192K)
 Metaspace       used 56722K, committed 57408K, reserved 1114112K
  class space    used 7944K, committed 8256K, reserved 1048576K
}
Event: 4.333 GC heap after
{Heap after GC invocations=14 (full 0):
 garbage-first heap   total reserved 4044800K, committed 114688K, used 31399K [0x0000000709200000, 0x0000000800000000)
  region size 2048K, 3 young (6144K), 3 survivors (6144K)
 Metaspace       used 56722K, committed 57408K, reserved 1114112K
  class space    used 7944K, committed 8256K, reserved 1048576K
}
Event: 5.264 GC heap before
{Heap before GC invocations=14 (full 0):
 garbage-first heap   total reserved 4044800K, committed 114688K, used 92839K [0x0000000709200000, 0x0000000800000000)
  region size 2048K, 33 young (67584K), 3 survivors (6144K)
 Metaspace       used 62138K, committed 62784K, reserved 1114112K
  class space    used 8796K, committed 9088K, reserved 1048576K
}
Event: 5.268 GC heap after
{Heap after GC invocations=15 (full 0):
 garbage-first heap   total reserved 4044800K, committed 114688K, used 34597K [0x0000000709200000, 0x0000000800000000)
  region size 2048K, 4 young (8192K), 4 survivors (8192K)
 Metaspace       used 62138K, committed 62784K, reserved 1114112K
  class space    used 8796K, committed 9088K, reserved 1048576K
}
Event: 5.618 GC heap before
{Heap before GC invocations=15 (full 0):
 garbage-first heap   total reserved 4044800K, committed 114688K, used 63269K [0x0000000709200000, 0x0000000800000000)
  region size 2048K, 19 young (38912K), 4 survivors (8192K)
 Metaspace       used 66115K, committed 66816K, reserved 1114112K
  class space    used 9329K, committed 9664K, reserved 1048576K
}
Event: 5.623 GC heap after
{Heap after GC invocations=16 (full 0):
 garbage-first heap   total reserved 4044800K, committed 114688K, used 36466K [0x0000000709200000, 0x0000000800000000)
  region size 2048K, 3 young (6144K), 3 survivors (6144K)
 Metaspace       used 66115K, committed 66816K, reserved 1114112K
  class space    used 9329K, committed 9664K, reserved 1048576K
}
Event: 6.196 GC heap before
{Heap before GC invocations=17 (full 0):
 garbage-first heap   total reserved 4044800K, committed 114688K, used 95858K [0x0000000709200000, 0x0000000800000000)
  region size 2048K, 33 young (67584K), 3 survivors (6144K)
 Metaspace       used 70358K, committed 71040K, reserved 1114112K
  class space    used 10204K, committed 10496K, reserved 1048576K
}
Event: 6.200 GC heap after
{Heap after GC invocations=18 (full 0):
 garbage-first heap   total reserved 4044800K, committed 114688K, used 41545K [0x0000000709200000, 0x0000000800000000)
  region size 2048K, 5 young (10240K), 5 survivors (10240K)
 Metaspace       used 70358K, committed 71040K, reserved 1114112K
  class space    used 10204K, committed 10496K, reserved 1048576K
}
Event: 6.666 GC heap before
{Heap before GC invocations=18 (full 0):
 garbage-first heap   total reserved 4044800K, committed 114688K, used 94793K [0x0000000709200000, 0x0000000800000000)
  region size 2048K, 31 young (63488K), 5 survivors (10240K)
 Metaspace       used 74786K, committed 75584K, reserved 1114112K
  class space    used 10861K, committed 11200K, reserved 1048576K
}
Event: 6.672 GC heap after
{Heap after GC invocations=19 (full 0):
 garbage-first heap   total reserved 4044800K, committed 114688K, used 44317K [0x0000000709200000, 0x0000000800000000)
  region size 2048K, 3 young (6144K), 3 survivors (6144K)
 Metaspace       used 74786K, committed 75584K, reserved 1114112K
  class space    used 10861K, committed 11200K, reserved 1048576K
}
Event: 13.272 GC heap before
{Heap before GC invocations=19 (full 0):
 garbage-first heap   total reserved 4044800K, committed 114688K, used 97565K [0x0000000709200000, 0x0000000800000000)
  region size 2048K, 29 young (59392K), 3 survivors (6144K)
 Metaspace       used 79414K, committed 80320K, reserved 1179648K
  class space    used 11573K, committed 11968K, reserved 1048576K
}
Event: 13.276 GC heap after
{Heap after GC invocations=20 (full 0):
 garbage-first heap   total reserved 4044800K, committed 114688K, used 47898K [0x0000000709200000, 0x0000000800000000)
  region size 2048K, 4 young (8192K), 4 survivors (8192K)
 Metaspace       used 79414K, committed 80320K, reserved 1179648K
  class space    used 11573K, committed 11968K, reserved 1048576K
}
Event: 14.017 GC heap before
{Heap before GC invocations=21 (full 0):
 garbage-first heap   total reserved 4044800K, committed 114688K, used 95002K [0x0000000709200000, 0x0000000800000000)
  region size 2048K, 28 young (57344K), 4 survivors (8192K)
 Metaspace       used 87117K, committed 88192K, reserved 1179648K
  class space    used 12716K, committed 13184K, reserved 1048576K
}
Event: 14.022 GC heap after
{Heap after GC invocations=22 (full 0):
 garbage-first heap   total reserved 4044800K, committed 114688K, used 51632K [0x0000000709200000, 0x0000000800000000)
  region size 2048K, 2 young (4096K), 2 survivors (4096K)
 Metaspace       used 87117K, committed 88192K, reserved 1179648K
  class space    used 12716K, committed 13184K, reserved 1048576K
}

Dll operation events (12 events):
Event: 0.008 Loaded shared library C:\Users\Admin\.jdks\openjdk-22.0.1\bin\java.dll
Event: 0.009 Loaded shared library C:\Users\Admin\.jdks\openjdk-22.0.1\bin\zip.dll
Event: 0.136 Loaded shared library C:\Users\Admin\.jdks\openjdk-22.0.1\bin\instrument.dll
Event: 0.152 Loaded shared library C:\Users\Admin\.jdks\openjdk-22.0.1\bin\jimage.dll
Event: 0.158 Loaded shared library C:\Users\Admin\.jdks\openjdk-22.0.1\bin\net.dll
Event: 0.159 Loaded shared library C:\Users\Admin\.jdks\openjdk-22.0.1\bin\nio.dll
Event: 0.167 Loaded shared library C:\Users\Admin\.jdks\openjdk-22.0.1\bin\zip.dll
Event: 0.260 Loaded shared library C:\Users\Admin\.jdks\openjdk-22.0.1\bin\management.dll
Event: 0.269 Loaded shared library C:\Users\Admin\.jdks\openjdk-22.0.1\bin\management_ext.dll
Event: 0.467 Loaded shared library C:\Users\Admin\.jdks\openjdk-22.0.1\bin\extnet.dll
Event: 1.045 Loaded shared library C:\Users\Admin\.jdks\openjdk-22.0.1\bin\verify.dll
Event: 1.271 Loaded shared library C:\Users\Admin\.jdks\openjdk-22.0.1\bin\sunmscapi.dll

Deoptimization events (20 events):
Event: 18.611 Thread 0x00000141074d5c80 DEOPT PACKING pc=0x0000014132a2cd84 sp=0x0000000b0b7fc030
Event: 18.611 Thread 0x00000141074d5c80 DEOPT UNPACKING pc=0x0000014132154e42 sp=0x0000000b0b7fb568 mode 1
Event: 18.611 Thread 0x00000141074d5c80 DEOPT PACKING pc=0x0000014132a2ddf4 sp=0x0000000b0b7fc120
Event: 18.611 Thread 0x00000141074d5c80 DEOPT UNPACKING pc=0x0000014132154e42 sp=0x0000000b0b7fb6d0 mode 1
Event: 18.611 Thread 0x00000141074d5c80 DEOPT PACKING pc=0x0000014132a302ac sp=0x0000000b0b7fc290
Event: 18.611 Thread 0x00000141074d5c80 DEOPT UNPACKING pc=0x0000014132154e42 sp=0x0000000b0b7fb850 mode 1
Event: 18.616 Thread 0x00000141074d5c80 DEOPT PACKING pc=0x0000014132a2cd84 sp=0x0000000b0b7fc030
Event: 18.616 Thread 0x00000141074d5c80 DEOPT UNPACKING pc=0x0000014132154e42 sp=0x0000000b0b7fb568 mode 1
Event: 18.616 Thread 0x00000141074d5c80 DEOPT PACKING pc=0x0000014132a2ddf4 sp=0x0000000b0b7fc120
Event: 18.616 Thread 0x00000141074d5c80 DEOPT UNPACKING pc=0x0000014132154e42 sp=0x0000000b0b7fb6d0 mode 1
Event: 18.616 Thread 0x00000141074d5c80 DEOPT PACKING pc=0x0000014132a302ac sp=0x0000000b0b7fc290
Event: 18.616 Thread 0x00000141074d5c80 DEOPT UNPACKING pc=0x0000014132154e42 sp=0x0000000b0b7fb850 mode 1
Event: 19.064 Thread 0x00000141074d1450 DEOPT PACKING pc=0x0000014132a2cd84 sp=0x0000000b0aef7140
Event: 19.064 Thread 0x00000141074d1450 DEOPT UNPACKING pc=0x0000014132154e42 sp=0x0000000b0aef6678 mode 1
Event: 19.064 Thread 0x00000141074d1450 DEOPT PACKING pc=0x0000014132a2ddf4 sp=0x0000000b0aef7230
Event: 19.065 Thread 0x00000141074d1450 DEOPT UNPACKING pc=0x0000014132154e42 sp=0x0000000b0aef67e0 mode 1
Event: 19.065 Thread 0x00000141074d1450 DEOPT PACKING pc=0x0000014132a302ac sp=0x0000000b0aef73a0
Event: 19.065 Thread 0x00000141074d1450 DEOPT UNPACKING pc=0x0000014132154e42 sp=0x0000000b0aef6960 mode 1
Event: 37.368 Thread 0x00000141074d1450 DEOPT PACKING pc=0x0000014132f1f0b4 sp=0x0000000b0aef9f60
Event: 37.368 Thread 0x00000141074d1450 DEOPT UNPACKING pc=0x0000014132154e42 sp=0x0000000b0aef9408 mode 0

Classes loaded (20 events):
Event: 14.102 Loading class com/dreamchasers/recoverbe/entity/User/Notification
Event: 14.102 Loading class com/dreamchasers/recoverbe/entity/User/Notification done
Event: 14.102 Loading class com/dreamchasers/recoverbe/entity/User/Notification
Event: 14.102 Loading class com/dreamchasers/recoverbe/entity/User/Notification done
Event: 14.119 Loading class org/hibernate/sql/ast/spi/FromClauseAccess
Event: 14.119 Loading class org/hibernate/sql/ast/spi/FromClauseAccess done
Event: 14.119 Loading class org/hibernate/query/sqm/internal/ConcreteSqmSelectQueryPlan$1
Event: 14.119 Loading class org/hibernate/query/sqm/internal/ConcreteSqmSelectQueryPlan$1 done
Event: 15.615 Loading class org/apache/catalina/webresources/CachedResource
Event: 15.615 Loading class org/apache/catalina/webresources/CachedResource done
Event: 15.616 Loading class org/apache/tomcat/PeriodicEventListener
Event: 15.616 Loading class org/apache/tomcat/PeriodicEventListener done
Event: 18.612 Loading class java/io/PrintWriter$1
Event: 18.612 Loading class jdk/internal/access/JavaIOPrintWriterAccess
Event: 18.612 Loading class jdk/internal/access/JavaIOPrintWriterAccess done
Event: 18.612 Loading class java/io/PrintWriter$1 done
Event: 18.612 Loading class org/apache/tomcat/util/buf/C2BConverter
Event: 18.612 Loading class org/apache/tomcat/util/buf/C2BConverter done
Event: 19.065 Loading class com/intellij/rt/debugger/BatchEvaluatorServer
Event: 19.065 Loading class com/intellij/rt/debugger/BatchEvaluatorServer done

Classes unloaded (0 events):
No events

Classes redefined (0 events):
No events

Internal exceptions (20 events):
Event: 13.772 Thread 0x00000141074d1450 Exception <a 'java/lang/NoSuchMethodError'{0x000000070e546c60}: 'int java.lang.invoke.Invokers$Holder.invokeExact_MT(java.lang.Object, java.lang.Object, java.lang.Object)'> (0x000000070e546c60) 
thrown [s\open\src\hotspot\share\interpreter\linkResolver.cpp, line 774]
Event: 13.784 Thread 0x00000141074d1450 Exception <a 'java/lang/NoSuchMethodError'{0x000000070e5ff5a0}: 'int java.lang.invoke.DirectMethodHandle$Holder.invokeStatic(java.lang.Object, java.lang.Object, int, java.lang.Object)'> (0x000000070e5ff5a0) 
thrown [s\open\src\hotspot\share\interpreter\linkResolver.cpp, line 774]
Event: 13.888 Thread 0x00000141074d00a0 Exception <a 'java/lang/NoSuchMethodError'{0x000000070de50a98}: 'java.lang.Object java.lang.invoke.DirectMethodHandle$Holder.invokeVirtual(java.lang.Object, java.lang.Object, int, int)'> (0x000000070de50a98) 
thrown [s\open\src\hotspot\share\interpreter\linkResolver.cpp, line 774]
Event: 13.888 Thread 0x00000141074d6310 Exception <a 'java/lang/NoSuchMethodError'{0x000000070de6ae58}: 'java.lang.Object java.lang.invoke.DirectMethodHandle$Holder.invokeVirtual(java.lang.Object, java.lang.Object, int, int)'> (0x000000070de6ae58) 
thrown [s\open\src\hotspot\share\interpreter\linkResolver.cpp, line 774]
Event: 13.889 Thread 0x00000141074d00a0 Exception <a 'java/lang/NoSuchMethodError'{0x000000070de54d88}: 'java.lang.Object java.lang.invoke.DirectMethodHandle$Holder.invokeSpecial(java.lang.Object, java.lang.Object, java.lang.Object, int, int)'> (0x000000070de54d88) 
thrown [s\open\src\hotspot\share\interpreter\linkResolver.cpp, line 774]
Event: 13.889 Thread 0x00000141074d6310 Exception <a 'java/lang/NoSuchMethodError'{0x000000070de6f3d8}: 'java.lang.Object java.lang.invoke.DirectMethodHandle$Holder.invokeSpecial(java.lang.Object, java.lang.Object, java.lang.Object, int, int)'> (0x000000070de6f3d8) 
thrown [s\open\src\hotspot\share\interpreter\linkResolver.cpp, line 774]
Event: 13.893 Thread 0x00000141074d2170 Exception <a 'java/lang/NoSuchMethodError'{0x000000070defc138}: 'java.lang.Object java.lang.invoke.DirectMethodHandle$Holder.invokeStatic(java.lang.Object, int, int)'> (0x000000070defc138) 
thrown [s\open\src\hotspot\share\interpreter\linkResolver.cpp, line 774]
Event: 13.913 Thread 0x00000141074d6310 Exception <a 'java/lang/NoSuchMethodError'{0x000000070dd9f838}: 'double java.lang.invoke.DelegatingMethodHandle$Holder.reinvoke_L(java.lang.Object, java.lang.Object)'> (0x000000070dd9f838) 
thrown [s\open\src\hotspot\share\interpreter\linkResolver.cpp, line 774]
Event: 13.914 Thread 0x00000141074d6310 Exception <a 'java/lang/NoSuchMethodError'{0x000000070ddc6c40}: 'void java.lang.invoke.DelegatingMethodHandle$Holder.reinvoke_L(java.lang.Object, java.lang.Object, double)'> (0x000000070ddc6c40) 
thrown [s\open\src\hotspot\share\interpreter\linkResolver.cpp, line 774]
Event: 13.916 Thread 0x00000141074d00a0 Exception <a 'java/lang/NoSuchMethodError'{0x000000070dad8bd0}: 'java.lang.Object java.lang.invoke.DirectMethodHandle$Holder.newInvokeSpecial(java.lang.Object, java.lang.Object, int, int)'> (0x000000070dad8bd0) 
thrown [s\open\src\hotspot\share\interpreter\linkResolver.cpp, line 774]
Event: 13.918 Thread 0x00000141074d00a0 Exception <a 'java/lang/NoSuchMethodError'{0x000000070dbef4b8}: 'java.lang.Object java.lang.invoke.DirectMethodHandle$Holder.invokeInterface(java.lang.Object, java.lang.Object, java.lang.Object, java.lang.Object)'> (0x000000070dbef4b8) 
thrown [s\open\src\hotspot\share\interpreter\linkResolver.cpp, line 774]
Event: 13.959 Thread 0x00000141074d3520 Exception <a 'java/lang/NoSuchMethodError'{0x000000070d554a28}: 'java.lang.Object java.lang.invoke.DirectMethodHandle$Holder.invokeVirtual(java.lang.Object, java.lang.Object, java.lang.Object, int, int)'> (0x000000070d554a28) 
thrown [s\open\src\hotspot\share\interpreter\linkResolver.cpp, line 774]
Event: 13.960 Thread 0x00000141074d3520 Exception <a 'java/lang/NoSuchMethodError'{0x000000070d55c1b8}: 'java.lang.Object java.lang.invoke.DelegatingMethodHandle$Holder.reinvoke_L(java.lang.Object, java.lang.Object, java.lang.Object, int, int)'> (0x000000070d55c1b8) 
thrown [s\open\src\hotspot\share\interpreter\linkResolver.cpp, line 774]
Event: 13.989 Thread 0x00000141074d6310 Exception <a 'java/lang/NoSuchMethodError'{0x000000070d0d6528}: 'double java.lang.invoke.DirectMethodHandle$Holder.invokeVirtual(java.lang.Object, java.lang.Object)'> (0x000000070d0d6528) 
thrown [s\open\src\hotspot\share\interpreter\linkResolver.cpp, line 774]
Event: 14.005 Thread 0x00000141074d6310 Exception <a 'java/lang/IncompatibleClassChangeError'{0x000000070ce87240}: Found class java.lang.Object, but interface was expected> (0x000000070ce87240) 
thrown [s\open\src\hotspot\share\interpreter\linkResolver.cpp, line 841]
Event: 14.012 Thread 0x00000141074d6310 Exception <a 'java/lang/IncompatibleClassChangeError'{0x000000070cfaf0e0}: Found class java.lang.Object, but interface was expected> (0x000000070cfaf0e0) 
thrown [s\open\src\hotspot\share\interpreter\linkResolver.cpp, line 841]
Event: 14.012 Thread 0x00000141074d6310 Exception <a 'java/lang/IncompatibleClassChangeError'{0x000000070cfb03e0}: Found class java.lang.Object, but interface was expected> (0x000000070cfb03e0) 
thrown [s\open\src\hotspot\share\interpreter\linkResolver.cpp, line 841]
Event: 14.013 Thread 0x00000141074d6310 Exception <a 'java/lang/IncompatibleClassChangeError'{0x000000070cfb4080}: Found class java.lang.Object, but interface was expected> (0x000000070cfb4080) 
thrown [s\open\src\hotspot\share\interpreter\linkResolver.cpp, line 841]
Event: 18.641 Thread 0x00000141074d1450 Exception <a 'java/lang/ClassCastException'{0x000000070f050a48}: class java.lang.String cannot be cast to class com.dreamchasers.recoverbe.entity.User.User (java.lang.String is in module java.base of loader 'bootstrap'; com.dreamchasers.recoverbe.entity.User.User is in unnamed module of loader org.springframework.boot.devtools.restart.classloader.RestartClassLoader @63f09768)> (0x000000070f050a48) 
thrown [s\open\src\hotspot\share\interpreter\interpreterRuntime.cpp, line 452]
Event: 18.675 Thread 0x00000141074d1450 Exception <a 'java/lang/ClassCastException'{0x000000070f051948}: class java.lang.String cannot be cast to class com.dreamchasers.recoverbe.entity.User.User (java.lang.String is in module java.base of loader 'bootstrap'; com.dreamchasers.recoverbe.entity.User.User is in unnamed module of loader org.springframework.boot.devtools.restart.classloader.RestartClassLoader @63f09768)> (0x000000070f051948) 
thrown [s\open\src\hotspot\share\interpreter\interpreterRuntime.cpp, line 452]

ZGC Phase Switch (0 events):
No events

VM Operations (20 events):
Event: 18.614 Executing VM operation: HandshakeAllThreads (Deoptimize)
Event: 18.614 Executing VM operation: HandshakeAllThreads (Deoptimize) done
Event: 18.614 Executing VM operation: Cleanup
Event: 18.615 Executing VM operation: Cleanup done
Event: 18.675 Executing VM operation: get/set locals
Event: 18.675 Executing VM operation: get/set locals done
Event: 18.681 Executing VM operation: get/set locals
Event: 18.681 Executing VM operation: get/set locals done
Event: 19.683 Executing VM operation: Cleanup
Event: 19.683 Executing VM operation: Cleanup done
Event: 37.367 Executing VM operation: ChangeSingleStep
Event: 37.367 Executing VM operation: ChangeSingleStep done
Event: 37.368 Executing VM operation: ChangeSingleStep
Event: 37.368 Executing VM operation: ChangeSingleStep done
Event: 37.835 Executing VM operation: get/set locals
Event: 37.835 Executing VM operation: get/set locals done
Event: 37.835 Executing VM operation: get/set locals
Event: 37.835 Executing VM operation: get/set locals done
Event: 37.855 Executing VM operation: get/set locals
Event: 37.856 Executing VM operation: get/set locals done

Events (20 events):
Event: 13.963 Thread 0x00000141074d55f0 Thread added: 0x00000141074d55f0
Event: 14.011 Thread 0x00000141079b9ad0 Thread added: 0x00000141079b9ad0
Event: 14.043 Thread 0x0000014105255650 Thread added: 0x0000014105255650
Event: 14.045 Thread 0x0000014107a3ca80 Thread added: 0x0000014107a3ca80
Event: 14.063 Thread 0x0000014107a3bd60 Thread added: 0x0000014107a3bd60
Event: 14.063 Thread 0x0000014107a35af0 Thread added: 0x0000014107a35af0
Event: 14.063 Thread 0x0000014107a38f70 Thread added: 0x0000014107a38f70
Event: 14.069 Thread 0x0000014107a37530 Thread added: 0x0000014107a37530
Event: 18.210 Thread 0x00000141079b9ad0 Thread exited: 0x00000141079b9ad0
Event: 18.610 Thread 0x0000014104a54f90 Thread exited: 0x0000014104a54f90
Event: 24.258 Thread 0x000001413d8b8c90 Thread exited: 0x000001413d8b8c90
Event: 29.266 Thread 0x000001413d73c9f0 Thread exited: 0x000001413d73c9f0
Event: 49.157 Thread 0x0000014107a36180 Thread added: 0x0000014107a36180
Event: 49.157 Thread 0x0000014107a36810 Thread added: 0x0000014107a36810
Event: 49.157 Thread 0x0000014107a36ea0 Thread added: 0x0000014107a36ea0
Event: 49.157 Thread 0x0000014107a38250 Thread added: 0x0000014107a38250
Event: 49.157 Thread 0x0000014107a388e0 Thread added: 0x0000014107a388e0
Event: 49.157 Thread 0x0000014107a39600 Thread added: 0x0000014107a39600
Event: 49.158 Thread 0x0000014107a3a9b0 Thread added: 0x0000014107a3a9b0
Event: 49.158 Thread 0x0000014107a3b6d0 Thread added: 0x0000014107a3b6d0


Dynamic libraries:
0x00007ff6074e0000 - 0x00007ff6074ee000 	C:\Users\Admin\.jdks\openjdk-22.0.1\bin\java.exe
0x00007ffcbba90000 - 0x00007ffcbbca7000 	C:\WINDOWS\SYSTEM32\ntdll.dll
0x00007ffcb9940000 - 0x00007ffcb9a04000 	C:\WINDOWS\System32\KERNEL32.DLL
0x00007ffcb8d60000 - 0x00007ffcb911a000 	C:\WINDOWS\System32\KERNELBASE.dll
0x00007ffcb9550000 - 0x00007ffcb9661000 	C:\WINDOWS\System32\ucrtbase.dll
0x00007ffca8be0000 - 0x00007ffca8bfb000 	C:\Users\Admin\.jdks\openjdk-22.0.1\bin\VCRUNTIME140.dll
0x00007ffca8a20000 - 0x00007ffca8a37000 	C:\Users\Admin\.jdks\openjdk-22.0.1\bin\jli.dll
0x00007ffcba840000 - 0x00007ffcba9ee000 	C:\WINDOWS\System32\USER32.dll
0x00007ffc9fa00000 - 0x00007ffc9fc92000 	C:\WINDOWS\WinSxS\amd64_microsoft.windows.common-controls_6595b64144ccf1df_6.0.22621.4541_none_2710d1c57384c085\COMCTL32.dll
0x00007ffcb93e0000 - 0x00007ffcb9406000 	C:\WINDOWS\System32\win32u.dll
0x00007ffcbb9a0000 - 0x00007ffcbba47000 	C:\WINDOWS\System32\msvcrt.dll
0x00007ffcba7d0000 - 0x00007ffcba7f9000 	C:\WINDOWS\System32\GDI32.dll
0x00007ffcb9670000 - 0x00007ffcb978b000 	C:\WINDOWS\System32\gdi32full.dll
0x00007ffcb9310000 - 0x00007ffcb93aa000 	C:\WINDOWS\System32\msvcp_win.dll
0x00007ffcba800000 - 0x00007ffcba831000 	C:\WINDOWS\System32\IMM32.DLL
0x00007ffca9050000 - 0x00007ffca905c000 	C:\Users\Admin\.jdks\openjdk-22.0.1\bin\vcruntime140_1.dll
0x00007ffca82c0000 - 0x00007ffca834e000 	C:\Users\Admin\.jdks\openjdk-22.0.1\bin\msvcp140.dll
0x00007ffc35bc0000 - 0x00007ffc36907000 	C:\Users\Admin\.jdks\openjdk-22.0.1\bin\server\jvm.dll
0x00007ffcb9ac0000 - 0x00007ffcb9b72000 	C:\WINDOWS\System32\ADVAPI32.dll
0x00007ffcbb810000 - 0x00007ffcbb8b7000 	C:\WINDOWS\System32\sechost.dll
0x00007ffcb93b0000 - 0x00007ffcb93d8000 	C:\WINDOWS\System32\bcrypt.dll
0x00007ffcba9f0000 - 0x00007ffcbab04000 	C:\WINDOWS\System32\RPCRT4.dll
0x00007ffcbb140000 - 0x00007ffcbb1b1000 	C:\WINDOWS\System32\WS2_32.dll
0x00007ffcae5f0000 - 0x00007ffcae624000 	C:\WINDOWS\SYSTEM32\WINMM.dll
0x00007ffcb7bf0000 - 0x00007ffcb7c3d000 	C:\WINDOWS\SYSTEM32\POWRPROF.dll
0x00007ffcb11f0000 - 0x00007ffcb11fa000 	C:\WINDOWS\SYSTEM32\VERSION.dll
0x00007ffcb7bd0000 - 0x00007ffcb7be3000 	C:\WINDOWS\SYSTEM32\UMPDC.dll
0x00007ffcb7e90000 - 0x00007ffcb7ea8000 	C:\WINDOWS\SYSTEM32\kernel.appcore.dll
0x00007ffca8f00000 - 0x00007ffca8f0a000 	C:\Users\Admin\.jdks\openjdk-22.0.1\bin\jimage.dll
0x00007ffcb66f0000 - 0x00007ffcb6922000 	C:\WINDOWS\SYSTEM32\DBGHELP.DLL
0x00007ffcbb1c0000 - 0x00007ffcbb54f000 	C:\WINDOWS\System32\combase.dll
0x00007ffcbb570000 - 0x00007ffcbb647000 	C:\WINDOWS\System32\OLEAUT32.dll
0x00007ffca9100000 - 0x00007ffca9132000 	C:\WINDOWS\SYSTEM32\dbgcore.DLL
0x00007ffcb9120000 - 0x00007ffcb919b000 	C:\WINDOWS\System32\bcryptPrimitives.dll
0x00007ffca8560000 - 0x00007ffca859c000 	C:\Users\Admin\.jdks\openjdk-22.0.1\bin\jdwp.dll
0x00007ffca86c0000 - 0x00007ffca86cf000 	C:\Users\Admin\.jdks\openjdk-22.0.1\bin\instrument.dll
0x00007ffca86d0000 - 0x00007ffca86ee000 	C:\Users\Admin\.jdks\openjdk-22.0.1\bin\java.dll
0x00007ffcb9d90000 - 0x00007ffcba608000 	C:\WINDOWS\System32\SHELL32.dll
0x00007ffcb9790000 - 0x00007ffcb9935000 	C:\WINDOWS\System32\ole32.dll
0x00007ffca84f0000 - 0x00007ffca8507000 	C:\Users\Admin\.jdks\openjdk-22.0.1\bin\zip.dll
0x00007ffcb6cb0000 - 0x00007ffcb75b8000 	C:\WINDOWS\SYSTEM32\windows.storage.dll
0x00007ffcb6b70000 - 0x00007ffcb6caf000 	C:\WINDOWS\SYSTEM32\wintypes.dll
0x00007ffcb9c80000 - 0x00007ffcb9d7a000 	C:\WINDOWS\System32\SHCORE.dll
0x00007ffcbb8c0000 - 0x00007ffcbb91e000 	C:\WINDOWS\System32\shlwapi.dll
0x00007ffcb8c90000 - 0x00007ffcb8cbb000 	C:\WINDOWS\SYSTEM32\profapi.dll
0x00007ffca8660000 - 0x00007ffca866c000 	C:\Users\Admin\.jdks\openjdk-22.0.1\bin\dt_socket.dll
0x00007ffcb7890000 - 0x00007ffcb78bd000 	C:\WINDOWS\SYSTEM32\IPHLPAPI.DLL
0x00007ffcb8310000 - 0x00007ffcb8379000 	C:\WINDOWS\system32\mswsock.dll
0x00007ffca86b0000 - 0x00007ffca86c0000 	C:\Users\Admin\.jdks\openjdk-22.0.1\bin\net.dll
0x00007ffca8510000 - 0x00007ffca8526000 	C:\Users\Admin\.jdks\openjdk-22.0.1\bin\nio.dll
0x00007ffcb78c0000 - 0x00007ffcb79c2000 	C:\WINDOWS\SYSTEM32\DNSAPI.dll
0x00007ffcba760000 - 0x00007ffcba769000 	C:\WINDOWS\System32\NSI.dll
0x00007ffcb37f0000 - 0x00007ffcb37fa000 	C:\Windows\System32\rasadhlp.dll
0x00007ffcb36e0000 - 0x00007ffcb3763000 	C:\WINDOWS\System32\fwpuclnt.dll
0x00007ffca8550000 - 0x00007ffca855a000 	C:\Users\Admin\.jdks\openjdk-22.0.1\bin\management.dll
0x00007ffca84e0000 - 0x00007ffca84eb000 	C:\Users\Admin\.jdks\openjdk-22.0.1\bin\management_ext.dll
0x00007ffcbab30000 - 0x00007ffcbab38000 	C:\WINDOWS\System32\PSAPI.DLL
0x00007ffcb8570000 - 0x00007ffcb858b000 	C:\WINDOWS\SYSTEM32\CRYPTSP.dll
0x00007ffcb7df0000 - 0x00007ffcb7e25000 	C:\WINDOWS\system32\rsaenh.dll
0x00007ffcb8400000 - 0x00007ffcb8428000 	C:\WINDOWS\SYSTEM32\USERENV.dll
0x00007ffcb8560000 - 0x00007ffcb856c000 	C:\WINDOWS\SYSTEM32\CRYPTBASE.dll
0x00007ffc9f350000 - 0x00007ffc9f367000 	C:\WINDOWS\system32\napinsp.dll
0x00007ffc9f160000 - 0x00007ffc9f17b000 	C:\WINDOWS\system32\pnrpnsp.dll
0x00007ffc9f140000 - 0x00007ffc9f151000 	C:\WINDOWS\System32\winrnr.dll
0x00007ffcb3950000 - 0x00007ffcb3965000 	C:\WINDOWS\system32\wshbth.dll
0x00007ffc9f100000 - 0x00007ffc9f127000 	C:\WINDOWS\system32\nlansp_c.dll
0x00007ffca84c0000 - 0x00007ffca84c9000 	C:\Users\Admin\.jdks\openjdk-22.0.1\bin\extnet.dll
0x00007ffca84b0000 - 0x00007ffca84c0000 	C:\Users\Admin\.jdks\openjdk-22.0.1\bin\verify.dll
0x00007ffca84d0000 - 0x00007ffca84de000 	C:\Users\Admin\.jdks\openjdk-22.0.1\bin\sunmscapi.dll
0x00007ffcb91a0000 - 0x00007ffcb9306000 	C:\WINDOWS\System32\CRYPT32.dll
0x00007ffcb8700000 - 0x00007ffcb872d000 	C:\WINDOWS\SYSTEM32\ncrypt.dll
0x00007ffcb86c0000 - 0x00007ffcb86f7000 	C:\WINDOWS\SYSTEM32\NTASN1.dll
0x00007ffc42bd0000 - 0x00007ffc42bd8000 	C:\WINDOWS\system32\wshunix.dll

dbghelp: loaded successfully - version: 4.0.5 - missing functions: none
symbol engine: initialized successfully - sym options: 0x614 - pdb path: .;C:\Users\Admin\.jdks\openjdk-22.0.1\bin;C:\WINDOWS\SYSTEM32;C:\WINDOWS\WinSxS\amd64_microsoft.windows.common-controls_6595b64144ccf1df_6.0.22621.4541_none_2710d1c57384c085;C:\Users\Admin\.jdks\openjdk-22.0.1\bin\server

VM Arguments:
jvm_args: -agentlib:jdwp=transport=dt_socket,address=127.0.0.1:63502,suspend=y,server=n -XX:TieredStopAtLevel=1 -Dspring.output.ansi.enabled=always -Dcom.sun.management.jmxremote -Dspring.jmx.enabled=true -Dspring.liveBeansView.mbeanDomain -Dspring.application.admin.enabled=true -Dmanagement.endpoints.jmx.exposure.include=* -javaagent:C:\Users\Admin\AppData\Local\JetBrains\IntelliJIdea2024.2\captureAgent\debugger-agent.jar -Dkotlinx.coroutines.debug.enable.creation.stack.trace=false -Ddebugger.agent.enable.coroutines=true -Dfile.encoding=UTF-8 -Dsun.stdout.encoding=UTF-8 -Dsun.stderr.encoding=UTF-8 
java_command: com.dreamchasers.recoverbe.RecoverBeApplication
java_class_path (initial): D:\DistantClass\Code\BE\target\classes;C:\Users\Admin\.m2\repository\com\querydsl\querydsl-jpa\5.1.0\querydsl-jpa-5.1.0-jakarta.jar;C:\Users\Admin\.m2\repository\com\querydsl\querydsl-core\5.1.0\querydsl-core-5.1.0.jar;C:\Users\Admin\.m2\repository\com\mysema\commons\mysema-commons-lang\0.2.4\mysema-commons-lang-0.2.4.jar;C:\Users\Admin\.m2\repository\com\querydsl\querydsl-apt\5.1.0\querydsl-apt-5.1.0-jakarta.jar;C:\Users\Admin\.m2\repository\com\querydsl\querydsl-codegen\5.1.0\querydsl-codegen-5.1.0.jar;C:\Users\Admin\.m2\repository\com\querydsl\codegen-utils\5.1.0\codegen-utils-5.1.0.jar;C:\Users\Admin\.m2\repository\org\eclipse\jdt\ecj\3.26.0\ecj-3.26.0.jar;C:\Users\Admin\.m2\repository\javax\inject\javax.inject\1\javax.inject-1.jar;C:\Users\Admin\.m2\repository\io\github\classgraph\classgraph\4.8.146\classgraph-4.8.146.jar;C:\Users\Admin\.m2\repository\io\jsonwebtoken\jjwt-api\0.12.5\jjwt-api-0.12.5.jar;C:\Users\Admin\.m2\repository\io\jsonwebtoken\jjwt-impl\0.12.5\jjwt-impl-0.12.5.jar;C:\Users\Admin\.m2\repository\io\jsonwebtoken\jjwt-jackson\0.12.5\jjwt-jackson-0.12.5.jar;C:\Users\Admin\.m2\repository\com\fasterxml\jackson\core\jackson-databind\2.17.2\jackson-databind-2.17.2.jar;C:\Users\Admin\.m2\repository\com\fasterxml\jackson\core\jackson-annotations\2.17.2\jackson-annotations-2.17.2.jar;C:\Users\Admin\.m2\repository\com\fasterxml\jackson\core\jackson-core\2.17.2\jackson-core-2.17.2.jar;C:\Users\Admin\.m2\repository\org\springframework\boot\spring-boot-starter\3.3.3\spring-boot-starter-3.3.3.jar;C:\Users\Admin\.m2\repository\org\springframework\boot\spring-boot\3.3.3\spring-boot-3.3.3.jar;C:\Users\Admin\.m2\repository\org\springframework\boot\spring-boot-autoconfigure\3.3.3\spring-boot-autoconfigure-3.3.3.jar;C:\Users\Admin\.m2\repository\org\springframework\boot\spring-boot-starter-logging\3.3.3\spring-boot-starter-logging-3.3.3.jar;C:\Users\Admin\.m2\repository\ch\qos\logback\logback-classic\1.5.7\logback-classic-1.5.7.jar;C:\Users\Admin\.m2\repository\ch\qos\logback\logback-core\1.5.7\logback-core-1.5.7.jar;C:\Users\Admin\.m2\repository\org\apache\logging\log4j\log4j-to-slf4j\2.23.1\log4j-to-slf4j-2.23.1.jar;C:\Users\Admin\.m2\repository\org\apache\logging\log4j\log4j-api\2.23.1\log4j-api-2.23.1.jar;C:\Users\Admin\.m2\repository\org\slf4j\jul-to-slf4j\2.0.16\jul-to-slf4j-2.0.16.jar;C:\Users\Admin\.m2\repository\jakarta\annotation\jakarta.annotation-api\2.1.1\jakarta.annotation-api-2.1.1.jar;C:\Users\Admin\.m2\repository\org\springframework\spring-core\6.1.12\spring-core-6.1.12.jar;C:\Users\Admin\.m2\repository\org\springframework\spring-jcl\6.1.12\spring-jcl-6.1.12.jar;C:\Users\Admin\.m2\repository\org\yaml\snakeyaml\2.2\snakeyaml-2.2.jar;C:\Users\Admin\.m2\repository\org\springframework\boot\spring-boot-starter-test\3.3.3\spring-boot-starter-test-3.3.3.jar;C:\Users\Admin\.m2\repository\org\springframework\boot\spring-boot-test\3.3.3\spring-boot-test-3.3.3.jar;C:\Users\Admin\.m2\repository\org\springframework\boot\spring-boot-test-autoconfigure\3.3.3\spring-boot-test-autoconfigure-3.3.3.jar;C:\Users\Admin\.m2\repository\com\jayway\jsonpath\json-path\2.9.0\json-path-2.9.0.jar;C:\Users\Admin\.m2\repository\org\slf4j\slf4j-api\2.0.16\slf4j-api-2.0.16.jar;C:\Users\Admin\.m2\repository\jakarta\xml\bind\jakarta.xml.bind-api\4.0.2\jakarta.xml.bind-api-4.0.2.jar;C:\Users\Admin\.m2\repository\jakarta\activation\jakarta.activation-api\2.1.3\jakarta.activation-api-2.1.3.jar;C:\Users\Admin\.m2\repository\net\minidev\json-smart\2.5.1\json-smart-2.5.1.jar;C:\Users\Admin\.m2\repository\net\minidev\accessors-smart\2.5.1\accessors-smart-2.5.1.jar;C:\Users\Admin\.m2\repository\org\ow2\asm\asm\9.6\asm-9.6.jar;C:\Users\Admin\.m2\repository\org\assertj\assertj-core\3.25.3\assertj-core-3.25.3.jar;C:\Users\Admin\.m2\repository\net\bytebuddy\byte-buddy\1.14.19\byte-buddy-1.14.19.jar;C:\Users\Admin\.m2\repository\org\awaitility\awaitility\4.2.2\awaitility-4.2.2.jar;C:\Users\Admin\.m2\repository\org\hamcrest\hamcrest\2.2\hamcrest-2.2.jar;C:\Users\Admin\.m2\repository\org\junit\jupiter\junit-jupiter\5.10.3\junit-jupiter-5.10.3.jar;C:\Users\Admin\.m2\repository\org\junit\jupiter\junit-jupiter-api\5.10.3\junit-jupiter-api-5.10.3.jar;C:\Users\Admin\.m2\repository\org\opentest4j\opentest4j\1.3.0\opentest4j-1.3.0.jar;C:\Users\Admin\.m2\repository\org\junit\platform\junit-platform-commons\1.10.3\junit-platform-commons-1.10.3.jar;C:\Users\Admin\.m2\repository\org\apiguardian\apiguardian-api\1.1.2\apiguardian-api-1.1.2.jar;C:\Users\Admin\.m2\repository\org\junit\jupiter\junit-jupiter-params\5.10.3\junit-jupiter-params-5.10.3.jar;C:\Users\Admin\.m2\repository\org\junit\jupiter\junit-jupiter-engine\5.10.3\junit-jupiter-engine-5.10.3.jar;C:\Users\Admin\.m2\repository\org\junit\platform\junit-platform-engine\1.10.3\junit-platform-engine-1.10.3.jar;C:\Users\Admin\.m2\repository\org\mockito\mockito-core\5.11.0\mockito-core-5.11.0.jar;C:\Users\Admin\.m2\repository\net\bytebuddy\byte-buddy-agent\1.14.19\byte-buddy-agent-1.14.19.jar;C:\Users\Admin\.m2\repository\org\objenesis\objenesis\3.3\objenesis-3.3.jar;C:\Users\Admin\.m2\repository\org\mockito\mockito-junit-jupiter\5.11.0\mockito-junit-jupiter-5.11.0.jar;C:\Users\Admin\.m2\repository\org\skyscreamer\jsonassert\1.5.3\jsonassert-1.5.3.jar;C:\Users\Admin\.m2\repository\com\vaadin\external\google\android-json\0.0.20131108.vaadin1\android-json-0.0.20131108.vaadin1.jar;C:\Users\Admin\.m2\repository\org\springframework\spring-test\6.1.12\spring-test-6.1.12.jar;C:\Users\Admin\.m2\repository\org\xmlunit\xmlunit-core\2.9.1\xmlunit-core-2.9.1.jar;C:\Users\Admin\.m2\repository\org\springframework\boot\spring-boot-starter-security\3.3.3\spring-boot-starter-security-3.3.3.jar;C:\Users\Admin\.m2\repository\org\springframework\spring-aop\6.1.12\spring-aop-6.1.12.jar;C:\Users\Admin\.m2\repository\org\springframework\security\spring-security-config\6.3.3\spring-security-config-6.3.3.jar;C:\Users\Admin\.m2\repository\org\springframework\security\spring-security-web\6.3.3\spring-security-web-6.3.3.jar;C:\Users\Admin\.m2\repository\com\cloudinary\cloudinary-http44\1.38.0\cloudinary-http44-1.38.0.jar;C:\Users\Admin\.m2\repository\com\cloudinary\cloudinary-core\1.38.0\cloudinary-core-1.38.0.jar;C:\Users\Admin\.m2\repository\org\apache\commons\commons-lang3\3.14.0\commons-lang3-3.14.0.jar;C:\Users\Admin\.m2\repository\org\apache\httpcomponents\httpclient\4.4\httpclient-4.4.jar;C:\Users\Admin\.m2\repository\org\apache\httpcomponents\httpcore\4.4.16\httpcore-4.4.16.jar;C:\Users\Admin\.m2\repository\commons-logging\commons-logging\1.2\commons-logging-1.2.jar;C:\Users\Admin\.m2\repository\commons-codec\commons-codec\1.16.1\commons-codec-1.16.1.jar;C:\Users\Admin\.m2\repository\org\apache\httpcomponents\httpmime\4.4\httpmime-4.4.jar;C:\Users\Admin\.m2\repository\org\springframework\boot\spring-boot-starter-oauth2-client\3.3.3\spring-boot-starter-oauth2-client-3.3.3.jar;C:\Users\Admin\.m2\repository\org\springframework\security\spring-security-core\6.3.3\spring-security-core-6.3.3.jar;C:\Users\Admin\.m2\repository\org\springframework\security\spring-security-crypto\6.3.3\spring-security-crypto-6.3.3.jar;C:\Users\Admin\.m2\repository\io\micrometer\micrometer-observation\1.13.3\micrometer-observation-1.13.3.jar;C:\Users\Admin\.m2\repository\io\micrometer\micrometer-commons\1.13.3\micrometer-commons-1.13.3.jar;C:\Users\Admin\.m2\repository\org\springframework\security\spring-security-oauth2-client\6.3.3\spring-security-oauth2-client-6.3.3.jar;C:\Users\Admin\.m2\repository\org\springframework\security\spring-security-oauth2-core\6.3.3\spring-security-oauth2-core-6.3.3.jar;C:\Users\Admin\.m2\repository\com\nimbusds\oauth2-oidc-sdk\9.43.4\oauth2-oidc-sdk-9.43.4.jar;C:\Users\Admin\.m2\repository\com\github\stephenc\jcip\jcip-annotations\1.0-1\jcip-annotations-1.0-1.jar;C:\Users\Admin\.m2\repository\com\nimbusds\content-type\2.2\content-type-2.2.jar;C:\Users\Admin\.m2\repository\com\nimbusds\lang-tag\1.7\lang-tag-1.7.jar;C:\Users\Admin\.m2\repository\org\springframework\security\spring-security-oauth2-jose\6.3.3\spring-security-oauth2-jose-6.3.3.jar;C:\Users\Admin\.m2\repository\com\nimbusds\nimbus-jose-jwt\9.37.3\nimbus-jose-jwt-9.37.3.jar;C:\Users\Admin\.m2\repository\org\springframework\boot\spring-boot-starter-mail\3.3.3\spring-boot-starter-mail-3.3.3.jar;C:\Users\Admin\.m2\repository\org\springframework\spring-context-support\6.1.12\spring-context-support-6.1.12.jar;C:\Users\Admin\.m2\repository\org\eclipse\angus\jakarta.mail\2.0.3\jakarta.mail-2.0.3.jar;C:\Users\Admin\.m2\repository\org\eclipse\angus\angus-activation\2.0.2\angus-activation-2.0.2.jar;C:\Users\Admin\.m2\repository\org\springframework\boot\spring-boot-starter-web\3.3.3\spring-boot-starter-web-3.3.3.jar;C:\Users\Admin\.m2\repository\org\springframework\boot\spring-boot-starter-json\3.3.3\spring-boot-starter-json-3.3.3.jar;C:\Users\Admin\.m2\repository\com\fasterxml\jackson\datatype\jackson-datatype-jdk8\2.17.2\jackson-datatype-jdk8-2.17.2.jar;C:\Users\Admin\.m2\repository\com\fasterxml\jackson\datatype\jackson-datatype-jsr310\2.17.2\jackson-datatype-jsr310-2.17.2.jar;C:\Users\Admin\.m2\repository\com\fasterxml\jackson\module\jackson-module-parameter-names\2.17.2\jackson-module-parameter-names-2.17.2.jar;C:\Users\Admin\.m2\repository\org\springframework\boot\spring-boot-starter-tomcat\3.3.3\spring-boot-starter-tomcat-3.3.3.jar;C:\Users\Admin\.m2\repository\org\apache\tomcat\embed\tomcat-embed-core\10.1.28\tomcat-embed-core-10.1.28.jar;C:\Users\Admin\.m2\repository\org\apache\tomcat\embed\tomcat-embed-el\10.1.28\tomcat-embed-el-10.1.28.jar;C:\Users\Admin\.m2\repository\org\apache\tomcat\embed\tomcat-embed-websocket\10.1.28\tomcat-embed-websocket-10.1.28.jar;C:\Users\Admin\.m2\repository\org\springframework\spring-web\6.1.12\spring-web-6.1.12.jar;C:\Users\Admin\.m2\repository\org\springframework\spring-webmvc\6.1.12\spring-webmvc-6.1.12.jar;C:\Users\Admin\.m2\repository\org\springframework\boot\spring-boot-devtools\3.3.3\spring-boot-devtools-3.3.3.jar;C:\Users\Admin\.m2\repository\org\springframework\boot\spring-boot-starter-websocket\3.3.3\spring-boot-starter-websocket-3.3.3.jar;C:\Users\Admin\.m2\repository\org\springframework\spring-messaging\6.1.12\spring-messaging-6.1.12.jar;C:\Users\Admin\.m2\repository\org\springframework\spring-websocket\6.1.12\spring-websocket-6.1.12.jar;C:\Users\Admin\.m2\repository\org\springframework\boot\spring-boot-starter-data-jpa\3.3.3\spring-boot-starter-data-jpa-3.3.3.jar;C:\Users\Admin\.m2\repository\org\springframework\boot\spring-boot-starter-aop\3.3.3\spring-boot-starter-aop-3.3.3.jar;C:\Users\Admin\.m2\repository\org\aspectj\aspectjweaver\1.9.22.1\aspectjweaver-1.9.22.1.jar;C:\Users\Admin\.m2\repository\org\springframework\boot\spring-boot-starter-jdbc\3.3.3\spring-boot-starter-jdbc-3.3.3.jar;C:\Users\Admin\.m2\repository\com\zaxxer\HikariCP\5.1.0\HikariCP-5.1.0.jar;C:\Users\Admin\.m2\repository\org\springframework\spring-jdbc\6.1.12\spring-jdbc-6.1.12.jar;C:\Users\Admin\.m2\repository\org\hibernate\orm\hibernate-core\6.5.2.Final\hibernate-core-6.5.2.Final.jar;C:\Users\Admin\.m2\repository\jakarta\persistence\jakarta.persistence-api\3.1.0\jakarta.persistence-api-3.1.0.jar;C:\Users\Admin\.m2\repository\jakarta\transaction\jakarta.transaction-api\2.0.1\jakarta.transaction-api-2.0.1.jar;C:\Users\Admin\.m2\repository\org\jboss\logging\jboss-logging\3.5.3.Final\jboss-logging-3.5.3.Final.jar;C:\Users\Admin\.m2\repository\org\hibernate\common\hibernate-commons-annotations\6.0.6.Final\hibernate-commons-annotations-6.0.6.Final.jar;C:\Users\Admin\.m2\repository\io\smallrye\jandex\3.1.2\jandex-3.1.2.jar;C:\Users\Admin\.m2\repository\com\fasterxml\classmate\1.7.0\classmate-1.7.0.jar;C:\Users\Admin\.m2\repository\org\glassfish\jaxb\jaxb-runtime\4.0.5\jaxb-runtime-4.0.5.jar;C:\Users\Admin\.m2\repository\org\glassfish\jaxb\jaxb-core\4.0.5\jaxb-core-4.0.5.jar;C:\Users\Admin\.m2\repository\org\glassfish\jaxb\txw2\4.0.5\txw2-4.0.5.jar;C:\Users\Admin\.m2\repository\com\sun\istack\istack-commons-runtime\4.1.2\istack-commons-runtime-4.1.2.jar;C:\Users\Admin\.m2\repository\jakarta\inject\jakarta.inject-api\2.0.1\jakarta.inject-api-2.0.1.jar;C:\Users\Admin\.m2\repository\org\antlr\antlr4-runtime\4.13.0\antlr4-runtime-4.13.0.jar;C:\Users\Admin\.m2\repository\org\springframework\data\spring-data-jpa\3.3.3\spring-data-jpa-3.3.3.jar;C:\Users\Admin\.m2\repository\org\springframework\data\spring-data-commons\3.3.3\spring-data-commons-3.3.3.jar;C:\Users\Admin\.m2\repository\org\springframework\spring-orm\6.1.12\spring-orm-6.1.12.jar;C:\Users\Admin\.m2\repository\org\springframework\spring-tx\6.1.12\spring-tx-6.1.12.jar;C:\Users\Admin\.m2\repository\org\springframework\spring-aspects\6.1.12\spring-aspects-6.1.12.jar;C:\Users\Admin\.m2\repository\com\mysql\mysql-connector-j\8.3.0\mysql-connector-j-8.3.0.jar;C:\Users\Admin\.m2\repository\org\projectlombok\lombok\1.18.34\lombok-1.18.34.jar;C:\Users\Admin\.m2\repository\org\springframework\security\spring-security-messaging\6.3.3\spring-security-messaging-6.3.3.jar;C:\Users\Admin\.m2\repository\org\springframework\spring-beans\6.1.12\spring-beans-6.1.12.jar;C:\Users\Admin\.m2\repository\org\springframework\spring-context\6.1.12\spring-context-6.1.12.jar;C:\Users\Admin\.m2\repository\org\springframework\spring-expression\6.1.12\spring-expression-6.1.12.jar;C:\Program Files\JetBrains\IntelliJ IDEA 2024.1.1\lib\idea_rt.jar
Launcher Type: SUN_STANDARD

[Global flags]
     intx CICompilerCount                          = 12                                        {product} {ergonomic}
     uint ConcGCThreads                            = 3                                         {product} {ergonomic}
     uint G1ConcRefinementThreads                  = 13                                        {product} {ergonomic}
   size_t G1HeapRegionSize                         = 2097152                                   {product} {ergonomic}
   size_t InitialHeapSize                          = 260046848                                 {product} {ergonomic}
     bool ManagementServer                         = true                                      {product} {command line}
   size_t MarkStackSize                            = 4194304                                   {product} {ergonomic}
   size_t MaxHeapSize                              = 4141875200                                {product} {ergonomic}
   size_t MaxNewSize                               = 2485125120                                {product} {ergonomic}
   size_t MinHeapDeltaBytes                        = 2097152                                   {product} {ergonomic}
   size_t MinHeapSize                              = 8388608                                   {product} {ergonomic}
    uintx NonNMethodCodeHeapSize                   = 4096                                   {pd product} {ergonomic}
    uintx NonProfiledCodeHeapSize                  = 0                                      {pd product} {ergonomic}
     bool ProfileInterpreter                       = false                                  {pd product} {command line}
    uintx ProfiledCodeHeapSize                     = 0                                      {pd product} {ergonomic}
   size_t SoftMaxHeapSize                          = 4141875200                             {manageable} {ergonomic}
     intx TieredStopAtLevel                        = 1                                         {product} {command line}
     bool UseCompressedOops                        = true                           {product lp64_product} {ergonomic}
     bool UseG1GC                                  = true                                      {product} {ergonomic}
     bool UseLargePagesIndividualAllocation        = false                                  {pd product} {ergonomic}

Logging:
Log output configuration:
 #0: stdout all=warning uptime,level,tags foldmultilines=false
 #1: stderr all=off uptime,level,tags foldmultilines=false

Environment Variables:
JAVA_HOME=C:\Program Files\Java\jdk-20
PATH=C:\Program Files\Common Files\Oracle\Java\javapath;C:\Program Files (x86)\Common Files\Oracle\Java\javapath;C:\Windows\system32;C:\Windows;C:\Windows\System32\Wbem;C:\Windows\System32\WindowsPowerShell\v1.0\;C:\Windows\System32\OpenSSH\;C:\Program Files (x86)\mingw-w64\i686-8.1.0-posix-dwarf-rt_v6-rev0\bin;C:\MinGW\bin;C:\Program Files\dotnet\;C:\Program Files\Microsoft SQL Server\Client SDK\ODBC\170\Tools\Binn\;C:\WINDOWS\system32;C:\WINDOWS;C:\WINDOWS\System32\Wbem;C:\WINDOWS\System32\WindowsPowerShell\v1.0\;C:\WINDOWS\System32\OpenSSH\;c:\altera\91sp2\quartus\bin;C:\Program Files (x86)\NVIDIA Corporation\PhysX\Common;C:\Program Files (x86)\Microsoft SQL Server\150\Tools\Binn\;C:\Program Files\Microsoft SQL Server\150\Tools\Binn\;C:\Program Files\Microsoft SQL Server\150\DTS\Binn\;C:\Program Files (x86)\Microsoft SQL Server\150\DTS\Binn\;C:\WINDOWS\system32;C:\WINDOWS;C:\WINDOWS\System32\Wbem;C:\WINDOWS\System32\WindowsPowerShell\v1.0\;C:\WINDOWS\System32\OpenSSH\;C:\Program Files\nodejs\;C:\MySoftware\apache-maven-3.9.2\bin;C:\MySoftware\apache-maven-3.9.2\bin;C:\ProgramData\chocolatey\bin;C:\Program Files (x86)\Windows Kits\10\Windows Performance Toolkit\;C:\Program Files (x86)\Git\cmd;C:\Program Files\Cloudflare\Cloudflare WARP\;C:\Users\Admin\.console-ninja\.bin;C:\Users\Admin\AppData\Local\Programs\Python\Launcher\;C:\Users\Admin\scoop\shims;C:\Users\Admin\AppData\Local\Microsoft\WindowsApps;C:\Users\Admin\.dotnet\tools;C:\Users\Admin\AppData\Local\Programs\Microsoft VS Code\bin;C:\Program Files\Azure Data Studio\bin;C:\Program Files\JetBrains\IntelliJ IDEA 2022.2.2\bin;C:\Users\Admin\AppData\Roaming\npm;C:\Program Files\Dowload\apache-maven-3.9.2-src\apache-maven-3.9.2\apache-maven\src\bin;C:\MySoftware\apache-maven-3.9.2\bin;D:\Application\IntelliJ\IntelliJ IDEA Community Edition 2023.1.2\bin;C:\Users\Admin\AppData\Local\Programs\oh-my-posh\bin;C:\Users\Admin\.dotnet\tools;C:\Program Files\JetBrains\IntelliJ IDEA 2024.1.1\bin;D:\Download\Application\IntelliJ IDEA Community Edition 2024.1.1\bin;C:\Users\Download\Dart\dartsdk-windows-x64-release\dart-sdk\bin;D:\Code\Flutter\flutter\bin;
USERNAME=Admin
OS=Windows_NT
PROCESSOR_IDENTIFIER=AMD64 Family 23 Model 96 Stepping 1, AuthenticAMD
TMP=C:\Users\Admin\AppData\Local\Temp
TEMP=C:\Users\Admin\AppData\Local\Temp




Periodic native trim disabled

---------------  S Y S T E M  ---------------

OS:
 Windows 11 , 64 bit Build 22621 (10.0.22621.4391)
OS uptime: 1 days 10:35 hours

CPU: total 16 (initial active 16) (16 cores per cpu, 2 threads per core) family 23 model 96 stepping 1 microcode 0x0, cx8, cmov, fxsr, ht, mmx, 3dnowpref, sse, sse2, sse3, ssse3, sse4a, sse4.1, sse4.2, popcnt, lzcnt, tsc, tscinvbit, avx, avx2, aes, clmul, bmi1, bmi2, adx, sha, fma, vzeroupper, clflush, clflushopt, rdtscp, rdpid, f16c
Processor Information for all 16 processors :
  Max Mhz: 2901, Current Mhz: 2901, Mhz Limit: 2901

Memory: 4k page, system-wide physical 15792M (2554M free)
TotalPageFile size 34224M (AvailPageFile size 5125M)
current process WorkingSet (physical memory assigned to process): 321M, peak: 321M
current process commit charge ("private bytes"): 376M, peak: 376M

vm_info: OpenJDK 64-Bit Server VM (22.0.1+8-16) for windows-amd64 JRE (22.0.1+8-16), built on 2024-03-12T10:33:16Z by "mach5one" with MS VC++ 17.6 (VS2022)

END.
